This is pdfTeX, Version 3.14159265-2.6-1.40.20 (TeX Live 2019/Arch Linux) (preloaded format=pdflatex 2019.7.15)  7 SEP 2019 13:04
entering extended mode
 restricted \write18 enabled.
 %&-line parsing enabled.
**main.tex
(./main.tex
LaTeX2e <2018-12-01>
(/usr/share/texmf-dist/tex/latex/base/book.cls
Document Class: book 2018/09/03 v1.4i Standard LaTeX document class
(/usr/share/texmf-dist/tex/latex/base/bk12.clo
File: bk12.clo 2018/09/03 v1.4i Standard LaTeX file (size option)
)
\c@part=\count80
\c@chapter=\count81
\c@section=\count82
\c@subsection=\count83
\c@subsubsection=\count84
\c@paragraph=\count85
\c@subparagraph=\count86
\c@figure=\count87
\c@table=\count88
\abovecaptionskip=\skip41
\belowcaptionskip=\skip42
\bibindent=\dimen102
)
(/usr/share/texmf-dist/tex/latex/tools/afterpage.sty
Package: afterpage 2014/10/28 v1.08 After-Page Package (DPC)
\AP@output=\toks14
\AP@partial=\box27
\AP@footins=\box28
)
(/usr/share/texmf-dist/tex/latex/amsmath/amsmath.sty
Package: amsmath 2018/12/01 v2.17b AMS math features
\@mathmargin=\skip43

For additional information on amsmath, use the `?' option.
(/usr/share/texmf-dist/tex/latex/amsmath/amstext.sty
Package: amstext 2000/06/29 v2.01 AMS text

(/usr/share/texmf-dist/tex/latex/amsmath/amsgen.sty
File: amsgen.sty 1999/11/30 v2.0 generic functions
\@emptytoks=\toks15
\ex@=\dimen103
))
(/usr/share/texmf-dist/tex/latex/amsmath/amsbsy.sty
Package: amsbsy 1999/11/29 v1.2d Bold Symbols
\pmbraise@=\dimen104
)
(/usr/share/texmf-dist/tex/latex/amsmath/amsopn.sty
Package: amsopn 2016/03/08 v2.02 operator names
)
\inf@bad=\count89
LaTeX Info: Redefining \frac on input line 223.
\uproot@=\count90
\leftroot@=\count91
LaTeX Info: Redefining \overline on input line 385.
\classnum@=\count92
\DOTSCASE@=\count93
LaTeX Info: Redefining \ldots on input line 482.
LaTeX Info: Redefining \dots on input line 485.
LaTeX Info: Redefining \cdots on input line 606.
\Mathstrutbox@=\box29
\strutbox@=\box30
\big@size=\dimen105
LaTeX Font Info:    Redeclaring font encoding OML on input line 729.
LaTeX Font Info:    Redeclaring font encoding OMS on input line 730.
\macc@depth=\count94
\c@MaxMatrixCols=\count95
\dotsspace@=\muskip10
\c@parentequation=\count96
\dspbrk@lvl=\count97
\tag@help=\toks16
\row@=\count98
\column@=\count99
\maxfields@=\count100
\andhelp@=\toks17
\eqnshift@=\dimen106
\alignsep@=\dimen107
\tagshift@=\dimen108
\tagwidth@=\dimen109
\totwidth@=\dimen110
\lineht@=\dimen111
\@envbody=\toks18
\multlinegap=\skip44
\multlinetaggap=\skip45
\mathdisplay@stack=\toks19
LaTeX Info: Redefining \[ on input line 2844.
LaTeX Info: Redefining \] on input line 2845.
)
(/usr/share/texmf-dist/tex/latex/amsfonts/amssymb.sty
Package: amssymb 2013/01/14 v3.01 AMS font symbols

(/usr/share/texmf-dist/tex/latex/amsfonts/amsfonts.sty
Package: amsfonts 2013/01/14 v3.01 Basic AMSFonts support
\symAMSa=\mathgroup4
\symAMSb=\mathgroup5
LaTeX Font Info:    Overwriting math alphabet `\mathfrak' in version `bold'
(Font)                  U/euf/m/n --> U/euf/b/n on input line 106.
))
(/usr/share/texmf-dist/tex/generic/babel/babel.sty
Package: babel 2019/04/03 3.29 The Babel package

(/usr/share/texmf-dist/tex/generic/babel/switch.def
File: switch.def 2019/04/03 3.29 Babel switching mechanism
)
(/usr/share/texmf-dist/tex/generic/babel-english/english.ldf
Language: english 2017/06/06 v3.3r English support from the babel system

(/usr/share/texmf-dist/tex/generic/babel/babel.def
File: babel.def 2019/04/03 3.29 Babel common definitions
\babel@savecnt=\count101
\U@D=\dimen112

(/usr/share/texmf-dist/tex/generic/babel/txtbabel.def)
\bbl@dirlevel=\count102
)
\l@canadian = a dialect from \language\l@american 
\l@australian = a dialect from \language\l@british 
\l@newzealand = a dialect from \language\l@british 
)
(/usr/share/texmf-dist/tex/generic/babel-polish/polish.ldf
Language: polish 2005/03/31 v1.2l Polish support from the babel system
Package babel Info: Making " an active character on input line 83.
\pl@left=\dimen113
\pl@down=\dimen114
\pl@right=\dimen115
\pl@temp=\dimen116
))
(/usr/share/texmf-dist/tex/latex/bera/beramono.sty
Package: beramono 2004/01/31 (WaS)

(/usr/share/texmf-dist/tex/latex/graphics/keyval.sty
Package: keyval 2014/10/28 v1.15 key=value parser (DPC)
\KV@toks@=\toks20
))
(/usr/share/texmf-dist/tex/latex/multirow/bigstrut.sty
Package: bigstrut 2019/01/01 v2.4 Provide larger struts in tabulars
\bigstrutjot=\dimen117
)
(/usr/share/texmf-dist/tex/latex/booktabs/booktabs.sty
Package: booktabs 2016/04/27 v1.618033 publication quality tables
\heavyrulewidth=\dimen118
\lightrulewidth=\dimen119
\cmidrulewidth=\dimen120
\belowrulesep=\dimen121
\belowbottomsep=\dimen122
\aboverulesep=\dimen123
\abovetopsep=\dimen124
\cmidrulesep=\dimen125
\cmidrulekern=\dimen126
\defaultaddspace=\dimen127
\@cmidla=\count103
\@cmidlb=\count104
\@aboverulesep=\dimen128
\@belowrulesep=\dimen129
\@thisruleclass=\count105
\@lastruleclass=\count106
\@thisrulewidth=\dimen130
)
(/usr/share/texmf-dist/tex/latex/caption/caption.sty
Package: caption 2018/10/06 v3.3-154 Customizing captions (AR)

(/usr/share/texmf-dist/tex/latex/caption/caption3.sty
Package: caption3 2018/09/12 v1.8c caption3 kernel (AR)
Package caption3 Info: TeX engine: e-TeX on input line 64.
\captionmargin=\dimen131
\captionmargin@=\dimen132
\captionwidth=\dimen133
\caption@tempdima=\dimen134
\caption@indent=\dimen135
\caption@parindent=\dimen136
\caption@hangindent=\dimen137
)
\c@caption@flags=\count107
\c@ContinuedFloat=\count108
)
(/usr/share/texmf-dist/tex/latex/cite/cite.sty
LaTeX Info: Redefining \cite on input line 302.
LaTeX Info: Redefining \nocite on input line 332.
Package: cite 2015/02/27  v 5.5
)
(/usr/share/texmf-dist/tex/latex/graphics/color.sty
Package: color 2016/07/10 v1.1e Standard LaTeX Color (DPC)

(/usr/share/texmf-dist/tex/latex/graphics-cfg/color.cfg
File: color.cfg 2016/01/02 v1.6 sample color configuration
)
Package color Info: Driver file: pdftex.def on input line 147.

(/usr/share/texmf-dist/tex/latex/graphics-def/pdftex.def
File: pdftex.def 2018/01/08 v1.0l Graphics/color driver for pdftex
))
(/usr/share/texmf-dist/tex/latex/enumitem/enumitem.sty
Package: enumitem 2019/02/04 v3.8 Customized lists
\labelindent=\skip46
\enit@outerparindent=\dimen138
\enit@toks=\toks21
\enit@inbox=\box31
\enit@count@id=\count109
\enitdp@description=\count110
)
(/usr/share/texmf-dist/tex/latex/oberdiek/epstopdf.sty
Package: epstopdf 2016/05/15 v2.6 Conversion with epstopdf on the fly (HO)

(/usr/share/texmf-dist/tex/latex/oberdiek/epstopdf-base.sty
Package: epstopdf-base 2016/05/15 v2.6 Base part for package epstopdf

(/usr/share/texmf-dist/tex/generic/oberdiek/infwarerr.sty
Package: infwarerr 2016/05/16 v1.4 Providing info/warning/error messages (HO)
)
(/usr/share/texmf-dist/tex/latex/oberdiek/grfext.sty
Package: grfext 2016/05/16 v1.2 Manage graphics extensions (HO)

(/usr/share/texmf-dist/tex/generic/oberdiek/kvdefinekeys.sty
Package: kvdefinekeys 2016/05/16 v1.4 Define keys (HO)

(/usr/share/texmf-dist/tex/generic/oberdiek/ltxcmds.sty
Package: ltxcmds 2016/05/16 v1.23 LaTeX kernel commands for general use (HO)
)))
(/usr/share/texmf-dist/tex/latex/oberdiek/kvoptions.sty
Package: kvoptions 2016/05/16 v3.12 Key value format for package options (HO)

(/usr/share/texmf-dist/tex/generic/oberdiek/kvsetkeys.sty
Package: kvsetkeys 2016/05/16 v1.17 Key value parser (HO)

(/usr/share/texmf-dist/tex/generic/oberdiek/etexcmds.sty
Package: etexcmds 2016/05/16 v1.6 Avoid name clashes with e-TeX commands (HO)

(/usr/share/texmf-dist/tex/generic/oberdiek/ifluatex.sty
Package: ifluatex 2016/05/16 v1.4 Provides the ifluatex switch (HO)
Package ifluatex Info: LuaTeX not detected.
))))
(/usr/share/texmf-dist/tex/generic/oberdiek/pdftexcmds.sty
Package: pdftexcmds 2018/09/10 v0.29 Utility functions of pdfTeX for LuaTeX (HO
)

(/usr/share/texmf-dist/tex/generic/oberdiek/ifpdf.sty
Package: ifpdf 2018/09/07 v3.3 Provides the ifpdf switch
)
Package pdftexcmds Info: LuaTeX not detected.
Package pdftexcmds Info: \pdf@primitive is available.
Package pdftexcmds Info: \pdf@ifprimitive is available.
Package pdftexcmds Info: \pdfdraftmode found.
)

Package epstopdf Warning: No graphics package `graphic{s,x}' loaded.

)) (/usr/share/texmf-dist/tex/latex/fancyhdr/fancyhdr.sty
Package: fancyhdr 2019/01/31 v3.10 Extensive control of page headers and footer
s
\f@nch@headwidth=\skip47
\f@nch@O@elh=\skip48
\f@nch@O@erh=\skip49
\f@nch@O@olh=\skip50
\f@nch@O@orh=\skip51
\f@nch@O@elf=\skip52
\f@nch@O@erf=\skip53
\f@nch@O@olf=\skip54
\f@nch@O@orf=\skip55
)
(/usr/share/texmf-dist/tex/latex/float/float.sty
Package: float 2001/11/08 v1.3d Float enhancements (AL)
\c@float@type=\count111
\float@exts=\toks22
\float@box=\box32
\@float@everytoks=\toks23
\@floatcapt=\box33
)
(/usr/share/texmf-dist/tex/latex/bigfoot/perpage.sty
Package: perpage 2014/10/25 2.0 Reset/sort counters per page
\c@abspage=\count112
)
(/usr/share/texmf-dist/tex/latex/base/fontenc.sty
Package: fontenc 2018/08/11 v2.0j Standard LaTeX package

(/usr/share/texmf-dist/tex/latex/base/t1enc.def
File: t1enc.def 2018/08/11 v2.0j Standard LaTeX file
LaTeX Font Info:    Redeclaring font encoding T1 on input line 48.
))
(/usr/share/texmf-dist/tex/latex/geometry/geometry.sty
Package: geometry 2018/04/16 v5.8 Page Geometry

(/usr/share/texmf-dist/tex/generic/oberdiek/ifvtex.sty
Package: ifvtex 2016/05/16 v1.6 Detect VTeX and its facilities (HO)
Package ifvtex Info: VTeX not detected.
)
(/usr/share/texmf-dist/tex/generic/ifxetex/ifxetex.sty
Package: ifxetex 2010/09/12 v0.6 Provides ifxetex conditional
)
\Gm@cnth=\count113
\Gm@cntv=\count114
\c@Gm@tempcnt=\count115
\Gm@bindingoffset=\dimen139
\Gm@wd@mp=\dimen140
\Gm@odd@mp=\dimen141
\Gm@even@mp=\dimen142
\Gm@layoutwidth=\dimen143
\Gm@layoutheight=\dimen144
\Gm@layouthoffset=\dimen145
\Gm@layoutvoffset=\dimen146
\Gm@dimlist=\toks24
)
(/usr/share/texmf-dist/tex/latex/was/gensymb.sty
Package: gensymb 2003/07/02 v1.0 (WaS)
)
(/usr/share/texmf-dist/tex/latex/graphics/graphicx.sty
Package: graphicx 2017/06/01 v1.1a Enhanced LaTeX Graphics (DPC,SPQR)

(/usr/share/texmf-dist/tex/latex/graphics/graphics.sty
Package: graphics 2017/06/25 v1.2c Standard LaTeX Graphics (DPC,SPQR)

(/usr/share/texmf-dist/tex/latex/graphics/trig.sty
Package: trig 2016/01/03 v1.10 sin cos tan (DPC)
)
(/usr/share/texmf-dist/tex/latex/graphics-cfg/graphics.cfg
File: graphics.cfg 2016/06/04 v1.11 sample graphics configuration
)
Package graphics Info: Driver file: pdftex.def on input line 99.
)
\Gin@req@height=\dimen147
\Gin@req@width=\dimen148
)
(/usr/share/texmf-dist/tex/latex/hyperref/hyperref.sty
Package: hyperref 2018/11/30 v6.88e Hypertext links for LaTeX

(/usr/share/texmf-dist/tex/generic/oberdiek/hobsub-hyperref.sty
Package: hobsub-hyperref 2016/05/16 v1.14 Bundle oberdiek, subset hyperref (HO)


(/usr/share/texmf-dist/tex/generic/oberdiek/hobsub-generic.sty
Package: hobsub-generic 2016/05/16 v1.14 Bundle oberdiek, subset generic (HO)
Package: hobsub 2016/05/16 v1.14 Construct package bundles (HO)
Package hobsub Info: Skipping package `infwarerr' (already loaded).
Package hobsub Info: Skipping package `ltxcmds' (already loaded).
Package hobsub Info: Skipping package `ifluatex' (already loaded).
Package hobsub Info: Skipping package `ifvtex' (already loaded).
Package: intcalc 2016/05/16 v1.2 Expandable calculations with integers (HO)
Package hobsub Info: Skipping package `ifpdf' (already loaded).
Package hobsub Info: Skipping package `etexcmds' (already loaded).
Package hobsub Info: Skipping package `kvsetkeys' (already loaded).
Package hobsub Info: Skipping package `kvdefinekeys' (already loaded).
Package hobsub Info: Skipping package `pdftexcmds' (already loaded).
Package: pdfescape 2016/05/16 v1.14 Implements pdfTeX's escape features (HO)
Package: bigintcalc 2016/05/16 v1.4 Expandable calculations on big integers (HO
)
Package: bitset 2016/05/16 v1.2 Handle bit-vector datatype (HO)
Package: uniquecounter 2016/05/16 v1.3 Provide unlimited unique counter (HO)
)
Package hobsub Info: Skipping package `hobsub' (already loaded).
Package: letltxmacro 2016/05/16 v1.5 Let assignment for LaTeX macros (HO)
Package: hopatch 2016/05/16 v1.3 Wrapper for package hooks (HO)
Package: xcolor-patch 2016/05/16 xcolor patch
Package: atveryend 2016/05/16 v1.9 Hooks at the very end of document (HO)
Package atveryend Info: \AP@enddocument detected (standard20110627).
Package: atbegshi 2016/06/09 v1.18 At begin shipout hook (HO)
Package: refcount 2016/05/16 v3.5 Data extraction from label references (HO)
Package: hycolor 2016/05/16 v1.8 Color options for hyperref/bookmark (HO)
)
(/usr/share/texmf-dist/tex/latex/oberdiek/auxhook.sty
Package: auxhook 2016/05/16 v1.4 Hooks for auxiliary files (HO)
)
\@linkdim=\dimen149
\Hy@linkcounter=\count116
\Hy@pagecounter=\count117

(/usr/share/texmf-dist/tex/latex/hyperref/pd1enc.def
File: pd1enc.def 2018/11/30 v6.88e Hyperref: PDFDocEncoding definition (HO)
Now handling font encoding PD1 ...
... no UTF-8 mapping file for font encoding PD1
)
\Hy@SavedSpaceFactor=\count118

(/usr/share/texmf-dist/tex/latex/latexconfig/hyperref.cfg
File: hyperref.cfg 2002/06/06 v1.2 hyperref configuration of TeXLive
)
Package hyperref Info: Hyper figures OFF on input line 4519.
Package hyperref Info: Link nesting OFF on input line 4524.
Package hyperref Info: Hyper index ON on input line 4527.
Package hyperref Info: Plain pages OFF on input line 4534.
Package hyperref Info: Backreferencing OFF on input line 4539.
Package hyperref Info: Implicit mode ON; LaTeX internals redefined.
Package hyperref Info: Bookmarks ON on input line 4772.
\c@Hy@tempcnt=\count119

(/usr/share/texmf-dist/tex/latex/url/url.sty
\Urlmuskip=\muskip11
Package: url 2013/09/16  ver 3.4  Verb mode for urls, etc.
)
LaTeX Info: Redefining \url on input line 5125.
\XeTeXLinkMargin=\dimen150
\Fld@menulength=\count120
\Field@Width=\dimen151
\Fld@charsize=\dimen152
Package hyperref Info: Hyper figures OFF on input line 6380.
Package hyperref Info: Link nesting OFF on input line 6385.
Package hyperref Info: Hyper index ON on input line 6388.
Package hyperref Info: backreferencing OFF on input line 6395.
Package hyperref Info: Link coloring OFF on input line 6400.
Package hyperref Info: Link coloring with OCG OFF on input line 6405.
Package hyperref Info: PDF/A mode OFF on input line 6410.
LaTeX Info: Redefining \ref on input line 6450.
LaTeX Info: Redefining \pageref on input line 6454.
\Hy@abspage=\count121
\c@Item=\count122
\c@Hfootnote=\count123
)
Package hyperref Info: Driver (autodetected): hpdftex.

(/usr/share/texmf-dist/tex/latex/hyperref/hpdftex.def
File: hpdftex.def 2018/11/30 v6.88e Hyperref driver for pdfTeX
\Fld@listcount=\count124
\c@bookmark@seq@number=\count125

(/usr/share/texmf-dist/tex/latex/oberdiek/rerunfilecheck.sty
Package: rerunfilecheck 2016/05/16 v1.8 Rerun checks for auxiliary files (HO)
Package uniquecounter Info: New unique counter `rerunfilecheck' on input line 2
82.
)
\Hy@SectionHShift=\skip56
)
(/usr/share/texmf-dist/tex/latex/tools/indentfirst.sty
Package: indentfirst 1995/11/23 v1.03 Indent first paragraph (DPC)
)
(/usr/share/texmf-dist/tex/latex/base/inputenc.sty
Package: inputenc 2018/08/11 v1.3c Input encoding file
\inpenc@prehook=\toks25
\inpenc@posthook=\toks26
)
(/usr/share/texmf-dist/tex/latex/listings/listings.sty
\lst@mode=\count126
\lst@gtempboxa=\box34
\lst@token=\toks27
\lst@length=\count127
\lst@currlwidth=\dimen153
\lst@column=\count128
\lst@pos=\count129
\lst@lostspace=\dimen154
\lst@width=\dimen155
\lst@newlines=\count130
\lst@lineno=\count131
\lst@maxwidth=\dimen156

(/usr/share/texmf-dist/tex/latex/listings/lstmisc.sty
File: lstmisc.sty 2019/02/27 1.8b (Carsten Heinz)
\c@lstnumber=\count132
\lst@skipnumbers=\count133
\lst@framebox=\box35
)
(/usr/share/texmf-dist/tex/latex/listings/listings.cfg
File: listings.cfg 2019/02/27 1.8b listings configuration
))
Package: listings 2019/02/27 1.8b (Carsten Heinz)

(/usr/share/texmf-dist/tex/latex/leftidx/leftidx.sty
Package: leftidx 2003/09/24 v1.03 Left indices
)
(/usr/share/texmf-dist/tex/latex/graphics/lscape.sty
Package: lscape 2000/10/22 v3.01 Landscape Pages (DPC)
)
(/usr/share/texmf-dist/tex/latex/multirow/multirow.sty
Package: multirow 2019/01/01 v2.4 Span multiple rows of a table
\multirow@colwidth=\skip57
\multirow@cntb=\count134
\multirow@dima=\skip58
)
(/usr/share/texmf-dist/tex/latex/pdfpages/pdfpages.sty
Package: pdfpages 2017/10/31 v0.5l Insert pages of external PDF documents (AM)

(/usr/share/texmf-dist/tex/latex/base/ifthen.sty
Package: ifthen 2014/09/29 v1.1c Standard LaTeX ifthen package (DPC)
)
(/usr/share/texmf-dist/tex/latex/tools/calc.sty
Package: calc 2017/05/25 v4.3 Infix arithmetic (KKT,FJ)
\calc@Acount=\count135
\calc@Bcount=\count136
\calc@Adimen=\dimen157
\calc@Bdimen=\dimen158
\calc@Askip=\skip59
\calc@Bskip=\skip60
LaTeX Info: Redefining \setlength on input line 80.
LaTeX Info: Redefining \addtolength on input line 81.
\calc@Ccount=\count137
\calc@Cskip=\skip61
)
(/usr/share/texmf-dist/tex/latex/eso-pic/eso-pic.sty
Package: eso-pic 2018/04/12 v2.0h eso-pic (RN)
)
\AM@pagewidth=\dimen159
\AM@pageheight=\dimen160

(/usr/share/texmf-dist/tex/latex/pdfpages/pppdftex.def
File: pppdftex.def 2017/10/31 v0.5l Pdfpages driver for pdfTeX (AM)
)
\AM@pagebox=\box36
\AM@global@opts=\toks28
\AM@toc@title=\toks29
\c@AM@survey=\count138
\AM@templatesizebox=\box37
)
(/usr/share/texmf-dist/tex/latex/polski/polski.sty
Package: polski 2017/05/04 v1.3.4 Polish language package

   Inputenc package detected. Catcodes not changed.
) (/usr/share/texmf-dist/tex/latex/setspace/setspace.sty
Package: setspace 2011/12/19 v6.7a set line spacing
)
(/usr/share/texmf-dist/tex/latex/subfigure/subfigure.sty
Package: subfigure 2002/03/15 v2.1.5 subfigure package
\subfigtopskip=\skip62
\subfigcapskip=\skip63
\subfigcaptopadj=\dimen161
\subfigbottomskip=\skip64
\subfigcapmargin=\dimen162
\subfiglabelskip=\skip65
\c@subfigure=\count139
\c@lofdepth=\count140
\c@subtable=\count141
\c@lotdepth=\count142

****************************************
* Local config file subfigure.cfg used *
****************************************
(/usr/share/texmf-dist/tex/latex/subfigure/subfigure.cfg)
\subfig@top=\skip66
\subfig@bottom=\skip67
)
(/usr/share/texmf-dist/tex/latex/base/textcomp.sty
Package: textcomp 2018/08/11 v2.0j Standard LaTeX package
Package textcomp Info: Sub-encoding information:
(textcomp)               5 = only ISO-Adobe without \textcurrency
(textcomp)               4 = 5 + \texteuro
(textcomp)               3 = 4 + \textohm
(textcomp)               2 = 3 + \textestimated + \textcurrency
(textcomp)               1 = TS1 - \textcircled - \t
(textcomp)               0 = TS1 (full)
(textcomp)             Font families with sub-encoding setting implement
(textcomp)             only a restricted character set as indicated.
(textcomp)             Family '?' is the default used for unknown fonts.
(textcomp)             See the documentation for details.
Package textcomp Info: Setting ? sub-encoding to TS1/1 on input line 79.

(/usr/share/texmf-dist/tex/latex/base/ts1enc.def
File: ts1enc.def 2001/06/05 v3.0e (jk/car/fm) Standard LaTeX file
Now handling font encoding TS1 ...
... processing UTF-8 mapping file for font encoding TS1

(/usr/share/texmf-dist/tex/latex/base/ts1enc.dfu
File: ts1enc.dfu 2018/10/05 v1.2f UTF-8 support for inputenc
   defining Unicode char U+00A2 (decimal 162)
   defining Unicode char U+00A3 (decimal 163)
   defining Unicode char U+00A4 (decimal 164)
   defining Unicode char U+00A5 (decimal 165)
   defining Unicode char U+00A6 (decimal 166)
   defining Unicode char U+00A7 (decimal 167)
   defining Unicode char U+00A8 (decimal 168)
   defining Unicode char U+00A9 (decimal 169)
   defining Unicode char U+00AA (decimal 170)
   defining Unicode char U+00AC (decimal 172)
   defining Unicode char U+00AE (decimal 174)
   defining Unicode char U+00AF (decimal 175)
   defining Unicode char U+00B0 (decimal 176)
   defining Unicode char U+00B1 (decimal 177)
   defining Unicode char U+00B2 (decimal 178)
   defining Unicode char U+00B3 (decimal 179)
   defining Unicode char U+00B4 (decimal 180)
   defining Unicode char U+00B5 (decimal 181)
   defining Unicode char U+00B6 (decimal 182)
   defining Unicode char U+00B7 (decimal 183)
   defining Unicode char U+00B9 (decimal 185)
   defining Unicode char U+00BA (decimal 186)
   defining Unicode char U+00BC (decimal 188)
   defining Unicode char U+00BD (decimal 189)
   defining Unicode char U+00BE (decimal 190)
   defining Unicode char U+00D7 (decimal 215)
   defining Unicode char U+00F7 (decimal 247)
   defining Unicode char U+0192 (decimal 402)
   defining Unicode char U+02C7 (decimal 711)
   defining Unicode char U+02D8 (decimal 728)
   defining Unicode char U+02DD (decimal 733)
   defining Unicode char U+0E3F (decimal 3647)
   defining Unicode char U+2016 (decimal 8214)
   defining Unicode char U+2020 (decimal 8224)
   defining Unicode char U+2021 (decimal 8225)
   defining Unicode char U+2022 (decimal 8226)
   defining Unicode char U+2030 (decimal 8240)
   defining Unicode char U+2031 (decimal 8241)
   defining Unicode char U+203B (decimal 8251)
   defining Unicode char U+203D (decimal 8253)
   defining Unicode char U+2044 (decimal 8260)
   defining Unicode char U+204E (decimal 8270)
   defining Unicode char U+2052 (decimal 8274)
   defining Unicode char U+20A1 (decimal 8353)
   defining Unicode char U+20A4 (decimal 8356)
   defining Unicode char U+20A6 (decimal 8358)
   defining Unicode char U+20A9 (decimal 8361)
   defining Unicode char U+20AB (decimal 8363)
   defining Unicode char U+20AC (decimal 8364)
   defining Unicode char U+20B1 (decimal 8369)
   defining Unicode char U+2103 (decimal 8451)
   defining Unicode char U+2116 (decimal 8470)
   defining Unicode char U+2117 (decimal 8471)
   defining Unicode char U+211E (decimal 8478)
   defining Unicode char U+2120 (decimal 8480)
   defining Unicode char U+2122 (decimal 8482)
   defining Unicode char U+2126 (decimal 8486)
   defining Unicode char U+2127 (decimal 8487)
   defining Unicode char U+212E (decimal 8494)
   defining Unicode char U+2190 (decimal 8592)
   defining Unicode char U+2191 (decimal 8593)
   defining Unicode char U+2192 (decimal 8594)
   defining Unicode char U+2193 (decimal 8595)
   defining Unicode char U+2329 (decimal 9001)
   defining Unicode char U+232A (decimal 9002)
   defining Unicode char U+2422 (decimal 9250)
   defining Unicode char U+25E6 (decimal 9702)
   defining Unicode char U+25EF (decimal 9711)
   defining Unicode char U+266A (decimal 9834)
   defining Unicode char U+FEFF (decimal 65279)
))
LaTeX Info: Redefining \oldstylenums on input line 334.
Package textcomp Info: Setting cmr sub-encoding to TS1/0 on input line 349.
Package textcomp Info: Setting cmss sub-encoding to TS1/0 on input line 350.
Package textcomp Info: Setting cmtt sub-encoding to TS1/0 on input line 351.
Package textcomp Info: Setting cmvtt sub-encoding to TS1/0 on input line 352.
Package textcomp Info: Setting cmbr sub-encoding to TS1/0 on input line 353.
Package textcomp Info: Setting cmtl sub-encoding to TS1/0 on input line 354.
Package textcomp Info: Setting ccr sub-encoding to TS1/0 on input line 355.
Package textcomp Info: Setting ptm sub-encoding to TS1/4 on input line 356.
Package textcomp Info: Setting pcr sub-encoding to TS1/4 on input line 357.
Package textcomp Info: Setting phv sub-encoding to TS1/4 on input line 358.
Package textcomp Info: Setting ppl sub-encoding to TS1/3 on input line 359.
Package textcomp Info: Setting pag sub-encoding to TS1/4 on input line 360.
Package textcomp Info: Setting pbk sub-encoding to TS1/4 on input line 361.
Package textcomp Info: Setting pnc sub-encoding to TS1/4 on input line 362.
Package textcomp Info: Setting pzc sub-encoding to TS1/4 on input line 363.
Package textcomp Info: Setting bch sub-encoding to TS1/4 on input line 364.
Package textcomp Info: Setting put sub-encoding to TS1/5 on input line 365.
Package textcomp Info: Setting uag sub-encoding to TS1/5 on input line 366.
Package textcomp Info: Setting ugq sub-encoding to TS1/5 on input line 367.
Package textcomp Info: Setting ul8 sub-encoding to TS1/4 on input line 368.
Package textcomp Info: Setting ul9 sub-encoding to TS1/4 on input line 369.
Package textcomp Info: Setting augie sub-encoding to TS1/5 on input line 370.
Package textcomp Info: Setting dayrom sub-encoding to TS1/3 on input line 371.
Package textcomp Info: Setting dayroms sub-encoding to TS1/3 on input line 372.

Package textcomp Info: Setting pxr sub-encoding to TS1/0 on input line 373.
Package textcomp Info: Setting pxss sub-encoding to TS1/0 on input line 374.
Package textcomp Info: Setting pxtt sub-encoding to TS1/0 on input line 375.
Package textcomp Info: Setting txr sub-encoding to TS1/0 on input line 376.
Package textcomp Info: Setting txss sub-encoding to TS1/0 on input line 377.
Package textcomp Info: Setting txtt sub-encoding to TS1/0 on input line 378.
Package textcomp Info: Setting lmr sub-encoding to TS1/0 on input line 379.
Package textcomp Info: Setting lmdh sub-encoding to TS1/0 on input line 380.
Package textcomp Info: Setting lmss sub-encoding to TS1/0 on input line 381.
Package textcomp Info: Setting lmssq sub-encoding to TS1/0 on input line 382.
Package textcomp Info: Setting lmvtt sub-encoding to TS1/0 on input line 383.
Package textcomp Info: Setting lmtt sub-encoding to TS1/0 on input line 384.
Package textcomp Info: Setting qhv sub-encoding to TS1/0 on input line 385.
Package textcomp Info: Setting qag sub-encoding to TS1/0 on input line 386.
Package textcomp Info: Setting qbk sub-encoding to TS1/0 on input line 387.
Package textcomp Info: Setting qcr sub-encoding to TS1/0 on input line 388.
Package textcomp Info: Setting qcs sub-encoding to TS1/0 on input line 389.
Package textcomp Info: Setting qpl sub-encoding to TS1/0 on input line 390.
Package textcomp Info: Setting qtm sub-encoding to TS1/0 on input line 391.
Package textcomp Info: Setting qzc sub-encoding to TS1/0 on input line 392.
Package textcomp Info: Setting qhvc sub-encoding to TS1/0 on input line 393.
Package textcomp Info: Setting futs sub-encoding to TS1/4 on input line 394.
Package textcomp Info: Setting futx sub-encoding to TS1/4 on input line 395.
Package textcomp Info: Setting futj sub-encoding to TS1/4 on input line 396.
Package textcomp Info: Setting hlh sub-encoding to TS1/3 on input line 397.
Package textcomp Info: Setting hls sub-encoding to TS1/3 on input line 398.
Package textcomp Info: Setting hlst sub-encoding to TS1/3 on input line 399.
Package textcomp Info: Setting hlct sub-encoding to TS1/5 on input line 400.
Package textcomp Info: Setting hlx sub-encoding to TS1/5 on input line 401.
Package textcomp Info: Setting hlce sub-encoding to TS1/5 on input line 402.
Package textcomp Info: Setting hlcn sub-encoding to TS1/5 on input line 403.
Package textcomp Info: Setting hlcw sub-encoding to TS1/5 on input line 404.
Package textcomp Info: Setting hlcf sub-encoding to TS1/5 on input line 405.
Package textcomp Info: Setting pplx sub-encoding to TS1/3 on input line 406.
Package textcomp Info: Setting pplj sub-encoding to TS1/3 on input line 407.
Package textcomp Info: Setting ptmx sub-encoding to TS1/4 on input line 408.
Package textcomp Info: Setting ptmj sub-encoding to TS1/4 on input line 409.
)
(/usr/share/texmf-dist/tex/latex/amsfonts/euscript.sty
Package: euscript 2009/06/22 v3.00 Euler Script fonts
LaTeX Font Info:    Overwriting math alphabet `\EuScript' in version `bold'
(Font)                  U/eus/m/n --> U/eus/b/n on input line 33.
)
(/usr/share/texmf-dist/tex/latex/tools/verbatim.sty
Package: verbatim 2014/10/28 v1.5q LaTeX2e package for verbatim enhancements
\every@verbatim=\toks30
\verbatim@line=\toks31
\verbatim@in@stream=\read1
)
(/usr/share/texmf-dist/tex/latex/graphics/rotating.sty
Package: rotating 2016/08/11 v2.16d rotated objects in LaTeX
\c@r@tfl@t=\count143
\rotFPtop=\skip68
\rotFPbot=\skip69
\rot@float@box=\box38
\rot@mess@toks=\toks32
)
(/usr/share/texmf-dist/tex/latex/listings/lstlang1.sty
File: lstlang1.sty 2019/02/27 1.8b listings language file
) (./main.aux
(./text/streszczenie.aux) (./text/wstep.aux) (./text/przeglad_literatury.aux)
(./text/opis_narzedzi.aux) (./text/algorytmy.aux)
(./text/implementacja_systemu.aux) (./text/dzialanie_systemu.aux

LaTeX Warning: Label `fig:do_gory_roty' multiply defined.


LaTeX Warning: Label `sub@fig:do_gory_roty' multiply defined.


LaTeX Warning: Label `fig:do_gory_roty' multiply defined.


LaTeX Warning: Label `sub@fig:do_gory_roty' multiply defined.


LaTeX Warning: Label `fig:obrt_porow_przedm_bok' multiply defined.

) (./text/podsumowanie.aux))
\openout1 = `main.aux'.

LaTeX Font Info:    Checking defaults for OML/cmm/m/it on input line 121.
LaTeX Font Info:    ... okay on input line 121.
LaTeX Font Info:    Checking defaults for T1/cmr/m/n on input line 121.
LaTeX Font Info:    ... okay on input line 121.
LaTeX Font Info:    Checking defaults for OT1/cmr/m/n on input line 121.
LaTeX Font Info:    ... okay on input line 121.
LaTeX Font Info:    Checking defaults for OMS/cmsy/m/n on input line 121.
LaTeX Font Info:    ... okay on input line 121.
LaTeX Font Info:    Checking defaults for OMX/cmex/m/n on input line 121.
LaTeX Font Info:    ... okay on input line 121.
LaTeX Font Info:    Checking defaults for U/cmr/m/n on input line 121.
LaTeX Font Info:    ... okay on input line 121.
LaTeX Font Info:    Checking defaults for PD1/pdf/m/n on input line 121.
LaTeX Font Info:    ... okay on input line 121.
LaTeX Font Info:    Checking defaults for TS1/cmr/m/n on input line 121.
LaTeX Font Info:    Try loading font information for TS1+cmr on input line 121.

 (/usr/share/texmf-dist/tex/latex/base/ts1cmr.fd
File: ts1cmr.fd 2014/09/29 v2.5h Standard LaTeX font definitions
)
LaTeX Font Info:    ... okay on input line 121.
Package caption Info: Begin \AtBeginDocument code.
Package caption Info: float package is loaded.
Package caption Info: hyperref package is loaded.
Package caption Info: listings package is loaded.
Package caption Info: rotating package is loaded.
Package caption Info: subfigure package is loaded.
Package caption Info: End \AtBeginDocument code.

(/usr/share/texmf-dist/tex/context/base/mkii/supp-pdf.mkii
[Loading MPS to PDF converter (version 2006.09.02).]
\scratchcounter=\count144
\scratchdimen=\dimen163
\scratchbox=\box39
\nofMPsegments=\count145
\nofMParguments=\count146
\everyMPshowfont=\toks33
\MPscratchCnt=\count147
\MPscratchDim=\dimen164
\MPnumerator=\count148
\makeMPintoPDFobject=\count149
\everyMPtoPDFconversion=\toks34
)
*geometry* driver: auto-detecting
*geometry* detected driver: pdftex

Package geometry Warning: The marginal notes overrun the paper.
     Add 23.86812pt and more to the right margin.

*geometry* verbose mode - [ preamble ] result:
* driver: pdftex
* paper: a4paper
* layout: <same size as paper>
* layoutoffset:(h,v)=(0.0pt,0.0pt)
* modes: twoside 
* h-part:(L,W,R)=(99.58464pt, 426.79135pt, 71.13188pt)
* v-part:(T,H,B)=(71.13188pt, 702.78308pt, 71.13188pt)
* \paperwidth=597.50787pt
* \paperheight=845.04684pt
* \textwidth=426.79135pt
* \textheight=702.78308pt
* \oddsidemargin=27.31465pt
* \evensidemargin=-1.1381pt
* \topmargin=-33.0119pt
* \headheight=12.0pt
* \headsep=19.8738pt
* \topskip=12.0pt
* \footskip=30.0pt
* \marginparwidth=88.0pt
* \marginparsep=7.0pt
* \columnsep=10.0pt
* \skip\footins=10.8pt plus 4.0pt minus 2.0pt
* \hoffset=0.0pt
* \voffset=0.0pt
* \mag=1000
* \@twocolumnfalse
* \@twosidetrue
* \@mparswitchtrue
* \@reversemarginfalse
* (1in=72.27pt=25.4mm, 1cm=28.453pt)

\symgns@font=\mathgroup6
LaTeX Font Info:    Overwriting symbol font `gns@font' in version `bold'
(Font)                  TS1/cmr/m/n --> TS1/cmr/bx/n on input line 121.
Package gensymb Info: Math companion symbols declared on input line 121.
LaTeX Info: Redefining \degree on input line 121.
LaTeX Info: Redefining \celsius on input line 121.
Package gensymb Info: Using text companion symbols for \degree, \celsius and \p
erthousand on input line 121.
LaTeX Info: Redefining \ohm on input line 121.
Package gensymb Info: Using \textohm for \ohm on input line 121.
Package gensymb Info: Using \textmu for \micro on input line 121.
\AtBeginShipoutBox=\box40
Package hyperref Info: Link coloring OFF on input line 121.
(/usr/share/texmf-dist/tex/latex/hyperref/nameref.sty
Package: nameref 2016/05/21 v2.44 Cross-referencing by name of section

(/usr/share/texmf-dist/tex/generic/oberdiek/gettitlestring.sty
Package: gettitlestring 2016/05/16 v1.5 Cleanup title references (HO)
)
\c@section@level=\count150
)
LaTeX Info: Redefining \ref on input line 121.
LaTeX Info: Redefining \pageref on input line 121.
LaTeX Info: Redefining \nameref on input line 121.
 (./main.out)
(./main.out)
\@outlinefile=\write3
\openout3 = `main.out'.

\c@lstlisting=\count151
 (/usr/share/texmf-dist/tex/latex/oberdiek/pdflscape.sty
Package: pdflscape 2016/05/14 v0.11 Display of landscape pages in PDF (HO)
Package pdflscape Info: Auto-detected driver: pdftex on input line 81.
)
\openout2 = `text/streszczenie.aux'.


(./text/streszczenie.tex
<pdf/strona_tytulowa.pdf, id=144, 597.23125pt x 845.1575pt>
File: pdf/strona_tytulowa.pdf Graphic file (type pdf)
<use pdf/strona_tytulowa.pdf>
Package pdftex.def Info: pdf/strona_tytulowa.pdf  used on input line 7.
(pdftex.def)             Requested size: 597.22978pt x 845.15544pt.
File: pdf/strona_tytulowa.pdf Graphic file (type pdf)
<use pdf/strona_tytulowa.pdf>
Package pdftex.def Info: pdf/strona_tytulowa.pdf  used on input line 7.
(pdftex.def)             Requested size: 597.22978pt x 845.15544pt.
<pdf/strona_tytulowa.pdf, id=147, page=1, 597.23125pt x 845.1575pt>
File: pdf/strona_tytulowa.pdf Graphic file (type pdf)
<use pdf/strona_tytulowa.pdf, page 1>
Package pdftex.def Info: pdf/strona_tytulowa.pdf , page1 used on input line 7.
(pdftex.def)             Requested size: 597.22978pt x 845.15544pt.
File: pdf/strona_tytulowa.pdf Graphic file (type pdf)
<use pdf/strona_tytulowa.pdf, page 1>
Package pdftex.def Info: pdf/strona_tytulowa.pdf , page1 used on input line 7.
(pdftex.def)             Requested size: 597.25711pt x 845.19412pt.
File: pdf/strona_tytulowa.pdf Graphic file (type pdf)
<use pdf/strona_tytulowa.pdf, page 1>
Package pdftex.def Info: pdf/strona_tytulowa.pdf , page1 used on input line 7.
(pdftex.def)             Requested size: 597.25711pt x 845.19412pt.
File: pdf/strona_tytulowa.pdf Graphic file (type pdf)
<use pdf/strona_tytulowa.pdf, page 1>
Package pdftex.def Info: pdf/strona_tytulowa.pdf , page1 used on input line 7.
(pdftex.def)             Requested size: 597.25711pt x 845.19412pt.
File: pdf/strona_tytulowa.pdf Graphic file (type pdf)
<use pdf/strona_tytulowa.pdf, page 1>
Package pdftex.def Info: pdf/strona_tytulowa.pdf , page1 used on input line 7.
(pdftex.def)             Requested size: 597.25711pt x 845.19412pt.
 [1


 <./pdf/strona_tytulowa.pdf>] [2

]

Package Fancyhdr Warning: \headheight is too small (12.0pt): 
Make it at least 14.49998pt.
We now make it that large for the rest of the document.
This may cause the page layout to be inconsistent, however.

[3

{/var/lib/texmf/fonts/map/pdftex/updmap/pdftex.map}]
Underfull \hbox (badness 10000) in paragraph at lines 30--34

 []


Underfull \hbox (badness 1173) in paragraph at lines 30--34
\T1/cmr/m/n/12 Ce-lem pracy jest im-ple-men-ta-cja al-go-rytmu kom-pen-su-j¡-ce
go wpªyw siªy gra-
 []


Underfull \hbox (badness 10000) in paragraph at lines 35--39

 []

[4] [5

]
Underfull \hbox (badness 10000) in paragraph at lines 48--52

 []

[6] [7

]
<pdf/oswiadczenie.pdf, id=214, 597.31157pt x 844.83629pt>
File: pdf/oswiadczenie.pdf Graphic file (type pdf)
<use pdf/oswiadczenie.pdf>
Package pdftex.def Info: pdf/oswiadczenie.pdf  used on input line 60.
(pdftex.def)             Requested size: 597.3101pt x 844.83423pt.
File: pdf/oswiadczenie.pdf Graphic file (type pdf)
<use pdf/oswiadczenie.pdf>
Package pdftex.def Info: pdf/oswiadczenie.pdf  used on input line 60.
(pdftex.def)             Requested size: 597.3101pt x 844.83423pt.
<pdf/oswiadczenie.pdf, id=217, page=1, 597.31157pt x 844.83629pt>
File: pdf/oswiadczenie.pdf Graphic file (type pdf)
<use pdf/oswiadczenie.pdf, page 1>
Package pdftex.def Info: pdf/oswiadczenie.pdf , page1 used on input line 60.
(pdftex.def)             Requested size: 597.3101pt x 844.83423pt.
File: pdf/oswiadczenie.pdf Graphic file (type pdf)
<use pdf/oswiadczenie.pdf, page 1>
Package pdftex.def Info: pdf/oswiadczenie.pdf , page1 used on input line 60.
(pdftex.def)             Requested size: 597.81139pt x 845.54323pt.
File: pdf/oswiadczenie.pdf Graphic file (type pdf)
<use pdf/oswiadczenie.pdf, page 1>
Package pdftex.def Info: pdf/oswiadczenie.pdf , page1 used on input line 60.
(pdftex.def)             Requested size: 597.81139pt x 845.54323pt.
File: pdf/oswiadczenie.pdf Graphic file (type pdf)
<use pdf/oswiadczenie.pdf, page 1>
Package pdftex.def Info: pdf/oswiadczenie.pdf , page1 used on input line 60.
(pdftex.def)             Requested size: 597.81139pt x 845.54323pt.
File: pdf/oswiadczenie.pdf Graphic file (type pdf)
<use pdf/oswiadczenie.pdf, page 1>
Package pdftex.def Info: pdf/oswiadczenie.pdf , page1 used on input line 60.
(pdftex.def)             Requested size: 597.81139pt x 845.54323pt.
 [8 <./pdf/oswiadczenie.pdf>] [9

]) [10



] (./main.toc
LaTeX Font Info:    Try loading font information for U+msa on input line 4.

(/usr/share/texmf-dist/tex/latex/amsfonts/umsa.fd
File: umsa.fd 2013/01/14 v3.01 AMS symbols A
)
LaTeX Font Info:    Try loading font information for U+msb on input line 4.

(/usr/share/texmf-dist/tex/latex/amsfonts/umsb.fd
File: umsb.fd 2013/01/14 v3.01 AMS symbols B
) [11])
\tf@toc=\write4
\openout4 = `main.toc'.

 [12]
\openout2 = `text/wstep.aux'.

 (./text/wstep.tex
Rozdzia\l  1.
) [13


]
\openout2 = `text/przeglad_literatury.aux'.

 (./text/przeglad_literatury.tex [14



]
Rozdzia\l  2.
[15]
LaTeX Font Info:    Try loading font information for U+eus on input line 41.
 (/usr/share/texmf-dist/tex/latex/amsfonts/ueus.fd
File: ueus.fd 2013/01/14 v3.01 Euler Script
) [16] [17]
<../../velma/przerobione_testy/out/osemka/yz_ate_plot_podnoszenie_miekki_bez_br
ak.png, id=332, 462.528pt x 346.896pt>
File: ../../velma/przerobione_testy/out/osemka/yz_ate_plot_podnoszenie_miekki_b
ez_brak.png Graphic file (type png)
<use ../../velma/przerobione_testy/out/osemka/yz_ate_plot_podnoszenie_miekki_be
z_brak.png>
Package pdftex.def Info: ../../velma/przerobione_testy/out/osemka/yz_ate_plot_p
odnoszenie_miekki_bez_brak.png  used on input line 135.
(pdftex.def)             Requested size: 192.0548pt x 144.04384pt.
 [18] [19 <../../velma/przerobione_testy/out/osemka/yz_ate_plot_podnoszenie_mie
kki_bez_brak.png>]
<images/agent_structure.pdf, id=358, 240.9pt x 265.99374pt>
File: images/agent_structure.pdf Graphic file (type pdf)
<use images/agent_structure.pdf>
Package pdftex.def Info: images/agent_structure.pdf  used on input line 167.
(pdftex.def)             Requested size: 256.07741pt x 282.78pt.


LaTeX Warning: Citation `bib:Zielinski:2014_kkr_relacje-twiki' on page 20 undef
ined on input line 168.


LaTeX Warning: Citation `bib:Zielinski:2014_kkr_relacje-twiki' on page 20 undef
ined on input line 168.

) [20 <./images/agent_structure.pdf>]
\openout2 = `text/opis_narzedzi.aux'.

 (./text/opis_narzedzi.tex
Rozdzia\l  3.

LaTeX Warning: Citation `bib:velma' on page 21 undefined on input line 7.

<images/velma1.jpg, id=703, 2457.18pt x 3276.24pt>
File: images/velma1.jpg Graphic file (type jpg)
<use images/velma1.jpg>
Package pdftex.def Info: images/velma1.jpg  used on input line 16.
(pdftex.def)             Requested size: 192.0548pt x 256.0556pt.
<images/velmajoints.png, id=704, 1016.79875pt x 863.225pt>
File: images/velmajoints.png Graphic file (type png)
<use images/velmajoints.png>
Package pdftex.def Info: images/velmajoints.png  used on input line 21.
(pdftex.def)             Requested size: 192.0548pt x 163.03975pt.

Package Fancyhdr Warning: \headheight is too small (14.49998pt): 
Make it at least 14.61598pt.
We now make it that large for the rest of the document.
This may cause the page layout to be inconsistent, however.

[21



] [22 <./images/velma1.jpg> <./images/velmajoints.png>]

LaTeX Warning: Reference `gazebo' on page 23 undefined on input line 53.

<images/gazebo.png, id=736, 1079.53313pt x 596.98032pt>
File: images/gazebo.png Graphic file (type png)
<use images/gazebo.png>
Package pdftex.def Info: images/gazebo.png  used on input line 57.
(pdftex.def)             Requested size: 256.07741pt x 141.61122pt.
[23]
Underfull \hbox (badness 3449) in paragraph at lines 65--66
\T1/cmr/m/it/12 velma_core \T1/cmr/m/n/12 jest od-po-wie-dzialny za kon-trol¦ z
a-da« zwi¡-za-nych z ma-ni-pu-
 []


Underfull \hbox (badness 2368) in paragraph at lines 65--66
\T1/cmr/m/n/12 la-cj¡ w prze-strzeni ope-ra-cyj-nej i kon-fi-gu-ra-cyj-nej ro-b
ota. Drugi z agen-tów
 []

<images/system_hw.png, id=750, 727.71875pt x 452.69125pt>
File: images/system_hw.png Graphic file (type png)
<use images/system_hw.png>
Package pdftex.def Info: images/system_hw.png  used on input line 74.
(pdftex.def)             Requested size: 192.0548pt x 119.47217pt.
<images/system.png, id=751, 468.75125pt x 452.69125pt>
File: images/system.png Graphic file (type png)
<use images/system.png>
Package pdftex.def Info: images/system.png  used on input line 79.
(pdftex.def)             Requested size: 128.0387pt x 123.65121pt.
[24 <./images/gazebo.png (PNG copy)>]
Underfull \hbox (badness 1062) in paragraph at lines 92--94
\T1/cmr/m/n/12 opro-gra-mo-wa-nia. Je-±li u»y-wamy trybu ob-sªugi rze-czy-wi-st
ego sprz¦tu to
 []


Underfull \hbox (badness 6125) in paragraph at lines 98--100
[]\T1/cmr/bx/n/12 Interpolator tra-jek-to-rii \T1/cmr/m/n/12 - Kom-po-nent \T1/
cmr/m/it/12 INT_tool_r \T1/cmr/m/n/12 z pod-sys-temu
 []

[25 <./images/system_hw.png> <./images/system.png>]) [26]
\openout2 = `text/algorytmy.aux'.

 (./text/algorytmy.tex
Rozdzia\l  4.
[27



]
<images/usecase.png, id=779, 913.4125pt x 321.2pt>
File: images/usecase.png Graphic file (type png)
<use images/usecase.png>
Package pdftex.def Info: images/usecase.png  used on input line 33.
(pdftex.def)             Requested size: 384.1096pt x 135.06972pt.
 [28 <./images/usecase.png (PNG copy)>]) [29]
\openout2 = `text/implementacja_systemu.aux'.


(./text/implementacja_systemu.tex [30



]
Rozdzia\l  5.
) [31]
\openout2 = `text/dzialanie_systemu.aux'.

 (./text/dzialanie_systemu.tex [32



]
Rozdzia\l  6.
[33]
<../../velma/przerobione_testy/out/podn/common_ax.png, id=818, 462.528pt x 346.
896pt>
File: ../../velma/przerobione_testy/out/podn/common_ax.png Graphic file (type p
ng)
<use ../../velma/przerobione_testy/out/podn/common_ax.png>
Package pdftex.def Info: ../../velma/przerobione_testy/out/podn/common_ax.png  
used on input line 37.
(pdftex.def)             Requested size: 192.0548pt x 144.04384pt.
<../../velma/przerobione_testy/out/podn/common_ay.png, id=819, 462.528pt x 346.
896pt>
File: ../../velma/przerobione_testy/out/podn/common_ay.png Graphic file (type p
ng)
<use ../../velma/przerobione_testy/out/podn/common_ay.png>
Package pdftex.def Info: ../../velma/przerobione_testy/out/podn/common_ay.png  
used on input line 42.
(pdftex.def)             Requested size: 192.0548pt x 144.04384pt.
<../../velma/przerobione_testy/out/podn/common_az.png, id=820, 462.528pt x 346.
896pt>
File: ../../velma/przerobione_testy/out/podn/common_az.png Graphic file (type p
ng)
<use ../../velma/przerobione_testy/out/podn/common_az.png>
Package pdftex.def Info: ../../velma/przerobione_testy/out/podn/common_az.png  
used on input line 47.
(pdftex.def)             Requested size: 192.0548pt x 144.04384pt.
<../../velma/przerobione_testy/out/podn/yz_ate_plot_podnoszenie_miekki_bez_brak
.png, id=821, 462.528pt x 346.896pt>
File: ../../velma/przerobione_testy/out/podn/yz_ate_plot_podnoszenie_miekki_bez
_brak.png Graphic file (type png)
<use ../../velma/przerobione_testy/out/podn/yz_ate_plot_podnoszenie_miekki_bez_
brak.png>
Package pdftex.def Info: ../../velma/przerobione_testy/out/podn/yz_ate_plot_pod
noszenie_miekki_bez_brak.png  used on input line 58.
(pdftex.def)             Requested size: 192.0548pt x 144.04384pt.
<../../velma/przerobione_testy/out/podn/yz_ate_plot_podnoszenie_miekki_komp_bra
k.png, id=822, 462.528pt x 346.896pt>
File: ../../velma/przerobione_testy/out/podn/yz_ate_plot_podnoszenie_miekki_kom
p_brak.png Graphic file (type png)
<use ../../velma/przerobione_testy/out/podn/yz_ate_plot_podnoszenie_miekki_komp
_brak.png>
Package pdftex.def Info: ../../velma/przerobione_testy/out/podn/yz_ate_plot_pod
noszenie_miekki_komp_brak.png  used on input line 62.
(pdftex.def)             Requested size: 192.0548pt x 144.04384pt.

Underfull \vbox (badness 10000) has occurred while \output is active []

 [34 <../../velma/przerobione_testy/out/podn/common_ax.png> <../../velma/przero
bione_testy/out/podn/common_ay.png> <../../velma/przerobione_testy/out/podn/com
mon_az.png>]
<../../velma/przerobione_testy/out/podn/common_rotx.png, id=839, 462.528pt x 34
6.896pt>
File: ../../velma/przerobione_testy/out/podn/common_rotx.png Graphic file (type
 png)
<use ../../velma/przerobione_testy/out/podn/common_rotx.png>
Package pdftex.def Info: ../../velma/przerobione_testy/out/podn/common_rotx.png
  used on input line 72.
(pdftex.def)             Requested size: 192.0548pt x 144.04384pt.
<../../velma/przerobione_testy/out/podn/common_roty.png, id=840, 462.528pt x 34
6.896pt>
File: ../../velma/przerobione_testy/out/podn/common_roty.png Graphic file (type
 png)
<use ../../velma/przerobione_testy/out/podn/common_roty.png>
Package pdftex.def Info: ../../velma/przerobione_testy/out/podn/common_roty.png
  used on input line 77.
(pdftex.def)             Requested size: 192.0548pt x 144.04384pt.
<../../velma/przerobione_testy/out/podn/common_rotz.png, id=841, 462.528pt x 34
6.896pt>
File: ../../velma/przerobione_testy/out/podn/common_rotz.png Graphic file (type
 png)
<use ../../velma/przerobione_testy/out/podn/common_rotz.png>
Package pdftex.def Info: ../../velma/przerobione_testy/out/podn/common_rotz.png
  used on input line 83.
(pdftex.def)             Requested size: 192.0548pt x 144.04384pt.
<../../velma/przerobione_testy/out/podn/yz_ate_plot_podnoszenie_miekki_komp_piw
o.png, id=842, 462.528pt x 346.896pt>
File: ../../velma/przerobione_testy/out/podn/yz_ate_plot_podnoszenie_miekki_kom
p_piwo.png Graphic file (type png)
<use ../../velma/przerobione_testy/out/podn/yz_ate_plot_podnoszenie_miekki_komp
_piwo.png>
Package pdftex.def Info: ../../velma/przerobione_testy/out/podn/yz_ate_plot_pod
noszenie_miekki_komp_piwo.png  used on input line 96.
(pdftex.def)             Requested size: 192.0548pt x 144.04384pt.
<../../velma/przerobione_testy/out/podn/yz_ate_plot_podnoszenie_miekki_komp_wie
rtarka.png, id=843, 462.528pt x 346.896pt>
File: ../../velma/przerobione_testy/out/podn/yz_ate_plot_podnoszenie_miekki_kom
p_wiertarka.png Graphic file (type png)
<use ../../velma/przerobione_testy/out/podn/yz_ate_plot_podnoszenie_miekki_komp
_wiertarka.png>
Package pdftex.def Info: ../../velma/przerobione_testy/out/podn/yz_ate_plot_pod
noszenie_miekki_komp_wiertarka.png  used on input line 100.
(pdftex.def)             Requested size: 192.0548pt x 144.04384pt.
<../../velma/przerobione_testy/out/podn/xz_ate_plot_podnoszenie_miekki_bez_brak
.png, id=844, 462.528pt x 346.896pt>
File: ../../velma/przerobione_testy/out/podn/xz_ate_plot_podnoszenie_miekki_bez
_brak.png Graphic file (type png)
<use ../../velma/przerobione_testy/out/podn/xz_ate_plot_podnoszenie_miekki_bez_
brak.png>
Package pdftex.def Info: ../../velma/przerobione_testy/out/podn/xz_ate_plot_pod
noszenie_miekki_bez_brak.png  used on input line 110.
(pdftex.def)             Requested size: 192.0548pt x 144.04384pt.
<../../velma/przerobione_testy/out/podn/xz_ate_plot_podnoszenie_miekki_komp_bra
k.png, id=845, 462.528pt x 346.896pt>
File: ../../velma/przerobione_testy/out/podn/xz_ate_plot_podnoszenie_miekki_kom
p_brak.png Graphic file (type png)
<use ../../velma/przerobione_testy/out/podn/xz_ate_plot_podnoszenie_miekki_komp
_brak.png>
Package pdftex.def Info: ../../velma/przerobione_testy/out/podn/xz_ate_plot_pod
noszenie_miekki_komp_brak.png  used on input line 114.
(pdftex.def)             Requested size: 192.0548pt x 144.04384pt.

Underfull \vbox (badness 10000) has occurred while \output is active []

 [35 <../../velma/przerobione_testy/out/podn/yz_ate_plot_podnoszenie_miekki_bez
_brak.png> <../../velma/przerobione_testy/out/podn/yz_ate_plot_podnoszenie_miek
ki_komp_brak.png> <../../velma/przerobione_testy/out/podn/common_rotx.png> <../
../velma/przerobione_testy/out/podn/common_roty.png> <../../velma/przerobione_t
esty/out/podn/common_rotz.png>]
<../../velma/przerobione_testy/out/podn/xz_ate_plot_podnoszenie_miekki_komp_piw
o.png, id=860, 462.528pt x 346.896pt>
File: ../../velma/przerobione_testy/out/podn/xz_ate_plot_podnoszenie_miekki_kom
p_piwo.png Graphic file (type png)
<use ../../velma/przerobione_testy/out/podn/xz_ate_plot_podnoszenie_miekki_komp
_piwo.png>
Package pdftex.def Info: ../../velma/przerobione_testy/out/podn/xz_ate_plot_pod
noszenie_miekki_komp_piwo.png  used on input line 123.
(pdftex.def)             Requested size: 192.0548pt x 144.04384pt.
<../../velma/przerobione_testy/out/podn/xz_ate_plot_podnoszenie_miekki_komp_wie
rtarka.png, id=861, 462.528pt x 346.896pt>
File: ../../velma/przerobione_testy/out/podn/xz_ate_plot_podnoszenie_miekki_kom
p_wiertarka.png Graphic file (type png)
<use ../../velma/przerobione_testy/out/podn/xz_ate_plot_podnoszenie_miekki_komp
_wiertarka.png>
Package pdftex.def Info: ../../velma/przerobione_testy/out/podn/xz_ate_plot_pod
noszenie_miekki_komp_wiertarka.png  used on input line 127.
(pdftex.def)             Requested size: 192.0548pt x 144.04384pt.

Underfull \vbox (badness 1320) has occurred while \output is active []

 [36 <../../velma/przerobione_testy/out/podn/yz_ate_plot_podnoszenie_miekki_kom
p_piwo.png> <../../velma/przerobione_testy/out/podn/yz_ate_plot_podnoszenie_mie
kki_komp_wiertarka.png> <../../velma/przerobione_testy/out/podn/xz_ate_plot_pod
noszenie_miekki_bez_brak.png> <../../velma/przerobione_testy/out/podn/xz_ate_pl
ot_podnoszenie_miekki_komp_brak.png> <../../velma/przerobione_testy/out/podn/xz
_ate_plot_podnoszenie_miekki_komp_piwo.png> <../../velma/przerobione_testy/out/
podn/xz_ate_plot_podnoszenie_miekki_komp_wiertarka.png>]
<../../velma/przerobione_testy/out/osemka/common_ax.png, id=884, 462.528pt x 34
6.896pt>
File: ../../velma/przerobione_testy/out/osemka/common_ax.png Graphic file (type
 png)
<use ../../velma/przerobione_testy/out/osemka/common_ax.png>
Package pdftex.def Info: ../../velma/przerobione_testy/out/osemka/common_ax.png
  used on input line 169.
(pdftex.def)             Requested size: 192.0548pt x 144.04384pt.
<../../velma/przerobione_testy/out/osemka/common_ay.png, id=885, 462.528pt x 34
6.896pt>
File: ../../velma/przerobione_testy/out/osemka/common_ay.png Graphic file (type
 png)
<use ../../velma/przerobione_testy/out/osemka/common_ay.png>
Package pdftex.def Info: ../../velma/przerobione_testy/out/osemka/common_ay.png
  used on input line 174.
(pdftex.def)             Requested size: 192.0548pt x 144.04384pt.
<../../velma/przerobione_testy/out/osemka/common_az.png, id=886, 462.528pt x 34
6.896pt>
File: ../../velma/przerobione_testy/out/osemka/common_az.png Graphic file (type
 png)
<use ../../velma/przerobione_testy/out/osemka/common_az.png>
Package pdftex.def Info: ../../velma/przerobione_testy/out/osemka/common_az.png
  used on input line 180.
(pdftex.def)             Requested size: 192.0548pt x 144.04384pt.
File: ../../velma/przerobione_testy/out/osemka/yz_ate_plot_podnoszenie_miekki_b
ez_brak.png Graphic file (type png)
<use ../../velma/przerobione_testy/out/osemka/yz_ate_plot_podnoszenie_miekki_be
z_brak.png>
Package pdftex.def Info: ../../velma/przerobione_testy/out/osemka/yz_ate_plot_p
odnoszenie_miekki_bez_brak.png  used on input line 191.
(pdftex.def)             Requested size: 192.0548pt x 144.04384pt.
<../../velma/przerobione_testy/out/osemka/yz_ate_plot_podnoszenie_miekki_komp_b
rak.png, id=887, 462.528pt x 346.896pt>
File: ../../velma/przerobione_testy/out/osemka/yz_ate_plot_podnoszenie_miekki_k
omp_brak.png Graphic file (type png)
<use ../../velma/przerobione_testy/out/osemka/yz_ate_plot_podnoszenie_miekki_ko
mp_brak.png>
Package pdftex.def Info: ../../velma/przerobione_testy/out/osemka/yz_ate_plot_p
odnoszenie_miekki_komp_brak.png  used on input line 195.
(pdftex.def)             Requested size: 192.0548pt x 144.04384pt.

Underfull \vbox (badness 1817) has occurred while \output is active []

 [37 <../../velma/przerobione_testy/out/osemka/common_ax.png> <../../velma/prze
robione_testy/out/osemka/common_ay.png> <../../velma/przerobione_testy/out/osem
ka/common_az.png>]
<../../velma/przerobione_testy/out/osemka/common_rotx.png, id=907, 462.528pt x 
346.896pt>
File: ../../velma/przerobione_testy/out/osemka/common_rotx.png Graphic file (ty
pe png)
<use ../../velma/przerobione_testy/out/osemka/common_rotx.png>
Package pdftex.def Info: ../../velma/przerobione_testy/out/osemka/common_rotx.p
ng  used on input line 206.
(pdftex.def)             Requested size: 192.0548pt x 144.04384pt.
<../../velma/przerobione_testy/out/osemka/common_roty.png, id=908, 462.528pt x 
346.896pt>
File: ../../velma/przerobione_testy/out/osemka/common_roty.png Graphic file (ty
pe png)
<use ../../velma/przerobione_testy/out/osemka/common_roty.png>
Package pdftex.def Info: ../../velma/przerobione_testy/out/osemka/common_roty.p
ng  used on input line 211.
(pdftex.def)             Requested size: 192.0548pt x 144.04384pt.
<../../velma/przerobione_testy/out/osemka/common_rotz.png, id=909, 462.528pt x 
346.896pt>
File: ../../velma/przerobione_testy/out/osemka/common_rotz.png Graphic file (ty
pe png)
<use ../../velma/przerobione_testy/out/osemka/common_rotz.png>
Package pdftex.def Info: ../../velma/przerobione_testy/out/osemka/common_rotz.p
ng  used on input line 217.
(pdftex.def)             Requested size: 192.0548pt x 144.04384pt.
<../../velma/przerobione_testy/out/osemka/yz_ate_plot_podnoszenie_miekki_komp_p
iwo.png, id=910, 462.528pt x 346.896pt>
File: ../../velma/przerobione_testy/out/osemka/yz_ate_plot_podnoszenie_miekki_k
omp_piwo.png Graphic file (type png)
<use ../../velma/przerobione_testy/out/osemka/yz_ate_plot_podnoszenie_miekki_ko
mp_piwo.png>
Package pdftex.def Info: ../../velma/przerobione_testy/out/osemka/yz_ate_plot_p
odnoszenie_miekki_komp_piwo.png  used on input line 229.
(pdftex.def)             Requested size: 192.0548pt x 144.04384pt.
<../../velma/przerobione_testy/out/osemka/yz_ate_plot_podnoszenie_miekki_komp_w
iertarka.png, id=911, 462.528pt x 346.896pt>
File: ../../velma/przerobione_testy/out/osemka/yz_ate_plot_podnoszenie_miekki_k
omp_wiertarka.png Graphic file (type png)
<use ../../velma/przerobione_testy/out/osemka/yz_ate_plot_podnoszenie_miekki_ko
mp_wiertarka.png>
Package pdftex.def Info: ../../velma/przerobione_testy/out/osemka/yz_ate_plot_p
odnoszenie_miekki_komp_wiertarka.png  used on input line 233.
(pdftex.def)             Requested size: 192.0548pt x 144.04384pt.

Underfull \vbox (badness 10000) has occurred while \output is active []

 [38 <../../velma/przerobione_testy/out/osemka/yz_ate_plot_podnoszenie_miekki_k
omp_brak.png> <../../velma/przerobione_testy/out/osemka/common_rotx.png> <../..
/velma/przerobione_testy/out/osemka/common_roty.png> <../../velma/przerobione_t
esty/out/osemka/common_rotz.png>]
<../../velma/przerobione_testy/out/osemka/xz_ate_plot_podnoszenie_miekki_bez_br
ak.png, id=925, 462.528pt x 346.896pt>
File: ../../velma/przerobione_testy/out/osemka/xz_ate_plot_podnoszenie_miekki_b
ez_brak.png Graphic file (type png)
<use ../../velma/przerobione_testy/out/osemka/xz_ate_plot_podnoszenie_miekki_be
z_brak.png>
Package pdftex.def Info: ../../velma/przerobione_testy/out/osemka/xz_ate_plot_p
odnoszenie_miekki_bez_brak.png  used on input line 243.
(pdftex.def)             Requested size: 192.0548pt x 144.04384pt.
<../../velma/przerobione_testy/out/osemka/xz_ate_plot_podnoszenie_miekki_komp_b
rak.png, id=926, 462.528pt x 346.896pt>
File: ../../velma/przerobione_testy/out/osemka/xz_ate_plot_podnoszenie_miekki_k
omp_brak.png Graphic file (type png)
<use ../../velma/przerobione_testy/out/osemka/xz_ate_plot_podnoszenie_miekki_ko
mp_brak.png>
Package pdftex.def Info: ../../velma/przerobione_testy/out/osemka/xz_ate_plot_p
odnoszenie_miekki_komp_brak.png  used on input line 247.
(pdftex.def)             Requested size: 192.0548pt x 144.04384pt.
<../../velma/przerobione_testy/out/osemka/xz_ate_plot_podnoszenie_miekki_komp_p
iwo.png, id=927, 462.528pt x 346.896pt>
File: ../../velma/przerobione_testy/out/osemka/xz_ate_plot_podnoszenie_miekki_k
omp_piwo.png Graphic file (type png)
<use ../../velma/przerobione_testy/out/osemka/xz_ate_plot_podnoszenie_miekki_ko
mp_piwo.png>
Package pdftex.def Info: ../../velma/przerobione_testy/out/osemka/xz_ate_plot_p
odnoszenie_miekki_komp_piwo.png  used on input line 256.
(pdftex.def)             Requested size: 192.0548pt x 144.04384pt.
<../../velma/przerobione_testy/out/osemka/xz_ate_plot_podnoszenie_miekki_komp_w
iertarka.png, id=928, 462.528pt x 346.896pt>
File: ../../velma/przerobione_testy/out/osemka/xz_ate_plot_podnoszenie_miekki_k
omp_wiertarka.png Graphic file (type png)
<use ../../velma/przerobione_testy/out/osemka/xz_ate_plot_podnoszenie_miekki_ko
mp_wiertarka.png>
Package pdftex.def Info: ../../velma/przerobione_testy/out/osemka/xz_ate_plot_p
odnoszenie_miekki_komp_wiertarka.png  used on input line 260.
(pdftex.def)             Requested size: 192.0548pt x 144.04384pt.
<../../velma/przerobione_testy/out/w_bok_miekki/common_ax.png, id=931, 462.528p
t x 346.896pt>
File: ../../velma/przerobione_testy/out/w_bok_miekki/common_ax.png Graphic file
 (type png)
<use ../../velma/przerobione_testy/out/w_bok_miekki/common_ax.png>
Package pdftex.def Info: ../../velma/przerobione_testy/out/w_bok_miekki/common_
ax.png  used on input line 289.
(pdftex.def)             Requested size: 192.0548pt x 144.04384pt.
<../../velma/przerobione_testy/out/w_bok_miekki/common_ay.png, id=932, 462.528p
t x 346.896pt>
File: ../../velma/przerobione_testy/out/w_bok_miekki/common_ay.png Graphic file
 (type png)
<use ../../velma/przerobione_testy/out/w_bok_miekki/common_ay.png>
Package pdftex.def Info: ../../velma/przerobione_testy/out/w_bok_miekki/common_
ay.png  used on input line 294.
(pdftex.def)             Requested size: 192.0548pt x 144.04384pt.
<../../velma/przerobione_testy/out/w_bok_miekki/common_az.png, id=933, 462.528p
t x 346.896pt>
File: ../../velma/przerobione_testy/out/w_bok_miekki/common_az.png Graphic file
 (type png)
<use ../../velma/przerobione_testy/out/w_bok_miekki/common_az.png>
Package pdftex.def Info: ../../velma/przerobione_testy/out/w_bok_miekki/common_
az.png  used on input line 300.
(pdftex.def)             Requested size: 192.0548pt x 144.04384pt.

Underfull \vbox (badness 4792) has occurred while \output is active []

 [39 <../../velma/przerobione_testy/out/osemka/yz_ate_plot_podnoszenie_miekki_k
omp_piwo.png> <../../velma/przerobione_testy/out/osemka/yz_ate_plot_podnoszenie
_miekki_komp_wiertarka.png> <../../velma/przerobione_testy/out/osemka/xz_ate_pl
ot_podnoszenie_miekki_bez_brak.png> <../../velma/przerobione_testy/out/osemka/x
z_ate_plot_podnoszenie_miekki_komp_brak.png> <../../velma/przerobione_testy/out
/osemka/xz_ate_plot_podnoszenie_miekki_komp_piwo.png> <../../velma/przerobione_
testy/out/osemka/xz_ate_plot_podnoszenie_miekki_komp_wiertarka.png>]
<../../velma/przerobione_testy/out/w_bok_miekki/yz_ate_plot_podnoszenie_miekki_
bez_brak.png, id=950, 462.528pt x 346.896pt>
File: ../../velma/przerobione_testy/out/w_bok_miekki/yz_ate_plot_podnoszenie_mi
ekki_bez_brak.png Graphic file (type png)
<use ../../velma/przerobione_testy/out/w_bok_miekki/yz_ate_plot_podnoszenie_mie
kki_bez_brak.png>
Package pdftex.def Info: ../../velma/przerobione_testy/out/w_bok_miekki/yz_ate_
plot_podnoszenie_miekki_bez_brak.png  used on input line 311.
(pdftex.def)             Requested size: 192.0548pt x 144.04384pt.
<../../velma/przerobione_testy/out/w_bok_miekki/yz_ate_plot_podnoszenie_miekki_
komp_brak.png, id=951, 462.528pt x 346.896pt>
File: ../../velma/przerobione_testy/out/w_bok_miekki/yz_ate_plot_podnoszenie_mi
ekki_komp_brak.png Graphic file (type png)
<use ../../velma/przerobione_testy/out/w_bok_miekki/yz_ate_plot_podnoszenie_mie
kki_komp_brak.png>
Package pdftex.def Info: ../../velma/przerobione_testy/out/w_bok_miekki/yz_ate_
plot_podnoszenie_miekki_komp_brak.png  used on input line 315.
(pdftex.def)             Requested size: 192.0548pt x 144.04384pt.
<../../velma/przerobione_testy/out/w_bok_miekki/common_rotx.png, id=952, 462.52
8pt x 346.896pt>
File: ../../velma/przerobione_testy/out/w_bok_miekki/common_rotx.png Graphic fi
le (type png)
<use ../../velma/przerobione_testy/out/w_bok_miekki/common_rotx.png>
Package pdftex.def Info: ../../velma/przerobione_testy/out/w_bok_miekki/common_
rotx.png  used on input line 326.
(pdftex.def)             Requested size: 192.0548pt x 144.04384pt.
<../../velma/przerobione_testy/out/w_bok_miekki/common_roty.png, id=953, 462.52
8pt x 346.896pt>
File: ../../velma/przerobione_testy/out/w_bok_miekki/common_roty.png Graphic fi
le (type png)
<use ../../velma/przerobione_testy/out/w_bok_miekki/common_roty.png>
Package pdftex.def Info: ../../velma/przerobione_testy/out/w_bok_miekki/common_
roty.png  used on input line 331.
(pdftex.def)             Requested size: 192.0548pt x 144.04384pt.
<../../velma/przerobione_testy/out/w_bok_miekki/common_rotz.png, id=954, 462.52
8pt x 346.896pt>
File: ../../velma/przerobione_testy/out/w_bok_miekki/common_rotz.png Graphic fi
le (type png)
<use ../../velma/przerobione_testy/out/w_bok_miekki/common_rotz.png>
Package pdftex.def Info: ../../velma/przerobione_testy/out/w_bok_miekki/common_
rotz.png  used on input line 336.
(pdftex.def)             Requested size: 192.0548pt x 144.04384pt.
 [40 <../../velma/przerobione_testy/out/w_bok_miekki/common_ax.png> <../../velm
a/przerobione_testy/out/w_bok_miekki/common_ay.png> <../../velma/przerobione_te
sty/out/w_bok_miekki/common_az.png> <../../velma/przerobione_testy/out/w_bok_mi
ekki/yz_ate_plot_podnoszenie_miekki_bez_brak.png> <../../velma/przerobione_test
y/out/w_bok_miekki/yz_ate_plot_podnoszenie_miekki_komp_brak.png>]
<../../velma/przerobione_testy/out/w_bok_miekki/yz_ate_plot_podnoszenie_miekki_
komp_piwo.png, id=972, 462.528pt x 346.896pt>
File: ../../velma/przerobione_testy/out/w_bok_miekki/yz_ate_plot_podnoszenie_mi
ekki_komp_piwo.png Graphic file (type png)
<use ../../velma/przerobione_testy/out/w_bok_miekki/yz_ate_plot_podnoszenie_mie
kki_komp_piwo.png>
Package pdftex.def Info: ../../velma/przerobione_testy/out/w_bok_miekki/yz_ate_
plot_podnoszenie_miekki_komp_piwo.png  used on input line 349.
(pdftex.def)             Requested size: 192.0548pt x 144.04384pt.
<../../velma/przerobione_testy/out/w_bok_miekki/yz_ate_plot_podnoszenie_miekki_
komp_wiertarka.png, id=973, 462.528pt x 346.896pt>
File: ../../velma/przerobione_testy/out/w_bok_miekki/yz_ate_plot_podnoszenie_mi
ekki_komp_wiertarka.png Graphic file (type png)
<use ../../velma/przerobione_testy/out/w_bok_miekki/yz_ate_plot_podnoszenie_mie
kki_komp_wiertarka.png>
Package pdftex.def Info: ../../velma/przerobione_testy/out/w_bok_miekki/yz_ate_
plot_podnoszenie_miekki_komp_wiertarka.png  used on input line 353.
(pdftex.def)             Requested size: 192.0548pt x 144.04384pt.
 [41 <../../velma/przerobione_testy/out/w_bok_miekki/common_rotx.png> <../../ve
lma/przerobione_testy/out/w_bok_miekki/common_roty.png> <../../velma/przerobion
e_testy/out/w_bok_miekki/common_rotz.png> <../../velma/przerobione_testy/out/w_
bok_miekki/yz_ate_plot_podnoszenie_miekki_komp_piwo.png> <../../velma/przerobio
ne_testy/out/w_bok_miekki/yz_ate_plot_podnoszenie_miekki_komp_wiertarka.png>]
<../../velma/przerobione_testy/out/do_gory/common_ax.png, id=995, 462.528pt x 3
46.896pt>
File: ../../velma/przerobione_testy/out/do_gory/common_ax.png Graphic file (typ
e png)
<use ../../velma/przerobione_testy/out/do_gory/common_ax.png>
Package pdftex.def Info: ../../velma/przerobione_testy/out/do_gory/common_ax.pn
g  used on input line 410.
(pdftex.def)             Requested size: 192.0548pt x 144.04384pt.
<../../velma/przerobione_testy/out/do_gory/common_ay.png, id=996, 462.528pt x 3
46.896pt>
File: ../../velma/przerobione_testy/out/do_gory/common_ay.png Graphic file (typ
e png)
<use ../../velma/przerobione_testy/out/do_gory/common_ay.png>
Package pdftex.def Info: ../../velma/przerobione_testy/out/do_gory/common_ay.pn
g  used on input line 415.
(pdftex.def)             Requested size: 192.0548pt x 144.04384pt.
<../../velma/przerobione_testy/out/do_gory/common_az.png, id=997, 462.528pt x 3
46.896pt>
File: ../../velma/przerobione_testy/out/do_gory/common_az.png Graphic file (typ
e png)
<use ../../velma/przerobione_testy/out/do_gory/common_az.png>
Package pdftex.def Info: ../../velma/przerobione_testy/out/do_gory/common_az.pn
g  used on input line 420.
(pdftex.def)             Requested size: 192.0548pt x 144.04384pt.
<../../velma/przerobione_testy/out/do_gory/xz_ate_plot_podnoszenie_miekki_bez_b
rak.png, id=998, 462.528pt x 346.896pt>
File: ../../velma/przerobione_testy/out/do_gory/xz_ate_plot_podnoszenie_miekki_
bez_brak.png Graphic file (type png)
<use ../../velma/przerobione_testy/out/do_gory/xz_ate_plot_podnoszenie_miekki_b
ez_brak.png>
Package pdftex.def Info: ../../velma/przerobione_testy/out/do_gory/xz_ate_plot_
podnoszenie_miekki_bez_brak.png  used on input line 430.
(pdftex.def)             Requested size: 192.0548pt x 144.04384pt.
<../../velma/przerobione_testy/out/do_gory/xz_ate_plot_podnoszenie_miekki_komp_
brak.png, id=999, 462.528pt x 346.896pt>
File: ../../velma/przerobione_testy/out/do_gory/xz_ate_plot_podnoszenie_miekki_
komp_brak.png Graphic file (type png)
<use ../../velma/przerobione_testy/out/do_gory/xz_ate_plot_podnoszenie_miekki_k
omp_brak.png>
Package pdftex.def Info: ../../velma/przerobione_testy/out/do_gory/xz_ate_plot_
podnoszenie_miekki_komp_brak.png  used on input line 434.
(pdftex.def)             Requested size: 192.0548pt x 144.04384pt.
<../../velma/przerobione_testy/out/do_gory/common_rotx.png, id=1000, 462.528pt 
x 346.896pt>
File: ../../velma/przerobione_testy/out/do_gory/common_rotx.png Graphic file (t
ype png)
<use ../../velma/przerobione_testy/out/do_gory/common_rotx.png>
Package pdftex.def Info: ../../velma/przerobione_testy/out/do_gory/common_rotx.
png  used on input line 445.
(pdftex.def)             Requested size: 192.0548pt x 144.04384pt.
<../../velma/przerobione_testy/out/do_gory/common_roty.png, id=1001, 462.528pt 
x 346.896pt>
File: ../../velma/przerobione_testy/out/do_gory/common_roty.png Graphic file (t
ype png)
<use ../../velma/przerobione_testy/out/do_gory/common_roty.png>
Package pdftex.def Info: ../../velma/przerobione_testy/out/do_gory/common_roty.
png  used on input line 450.
(pdftex.def)             Requested size: 192.0548pt x 144.04384pt.
<../../velma/przerobione_testy/out/do_gory/common_rotz.png, id=1002, 462.528pt 
x 346.896pt>
File: ../../velma/przerobione_testy/out/do_gory/common_rotz.png Graphic file (t
ype png)
<use ../../velma/przerobione_testy/out/do_gory/common_rotz.png>
Package pdftex.def Info: ../../velma/przerobione_testy/out/do_gory/common_rotz.
png  used on input line 455.
(pdftex.def)             Requested size: 192.0548pt x 144.04384pt.

Underfull \vbox (badness 1178) has occurred while \output is active []

 [42 <../../velma/przerobione_testy/out/do_gory/common_ax.png> <../../velma/prz
erobione_testy/out/do_gory/common_ay.png> <../../velma/przerobione_testy/out/do
_gory/common_az.png> <../../velma/przerobione_testy/out/do_gory/xz_ate_plot_pod
noszenie_miekki_bez_brak.png> <../../velma/przerobione_testy/out/do_gory/xz_ate
_plot_podnoszenie_miekki_komp_brak.png>]
<../../velma/przerobione_testy/out/do_gory/xz_ate_plot_podnoszenie_miekki_komp_
piwo.png, id=1019, 462.528pt x 346.896pt>
File: ../../velma/przerobione_testy/out/do_gory/xz_ate_plot_podnoszenie_miekki_
komp_piwo.png Graphic file (type png)
<use ../../velma/przerobione_testy/out/do_gory/xz_ate_plot_podnoszenie_miekki_k
omp_piwo.png>
Package pdftex.def Info: ../../velma/przerobione_testy/out/do_gory/xz_ate_plot_
podnoszenie_miekki_komp_piwo.png  used on input line 468.
(pdftex.def)             Requested size: 192.0548pt x 144.04384pt.
<../../velma/przerobione_testy/out/do_gory/xz_ate_plot_podnoszenie_miekki_komp_
wiertarka.png, id=1020, 462.528pt x 346.896pt>
File: ../../velma/przerobione_testy/out/do_gory/xz_ate_plot_podnoszenie_miekki_
komp_wiertarka.png Graphic file (type png)
<use ../../velma/przerobione_testy/out/do_gory/xz_ate_plot_podnoszenie_miekki_k
omp_wiertarka.png>
Package pdftex.def Info: ../../velma/przerobione_testy/out/do_gory/xz_ate_plot_
podnoszenie_miekki_komp_wiertarka.png  used on input line 472.
(pdftex.def)             Requested size: 192.0548pt x 144.04384pt.
 [43 <../../velma/przerobione_testy/out/do_gory/common_rotx.png> <../../velma/p
rzerobione_testy/out/do_gory/common_roty.png> <../../velma/przerobione_testy/ou
t/do_gory/common_rotz.png> <../../velma/przerobione_testy/out/do_gory/xz_ate_pl
ot_podnoszenie_miekki_komp_piwo.png> <../../velma/przerobione_testy/out/do_gory
/xz_ate_plot_podnoszenie_miekki_komp_wiertarka.png>]
<../../velma/przerobione_testy/out/do_dolu/common_ax.png, id=1042, 462.528pt x 
346.896pt>
File: ../../velma/przerobione_testy/out/do_dolu/common_ax.png Graphic file (typ
e png)
<use ../../velma/przerobione_testy/out/do_dolu/common_ax.png>
Package pdftex.def Info: ../../velma/przerobione_testy/out/do_dolu/common_ax.pn
g  used on input line 529.
(pdftex.def)             Requested size: 192.0548pt x 144.04384pt.
<../../velma/przerobione_testy/out/do_dolu/common_ay.png, id=1043, 462.528pt x 
346.896pt>
File: ../../velma/przerobione_testy/out/do_dolu/common_ay.png Graphic file (typ
e png)
<use ../../velma/przerobione_testy/out/do_dolu/common_ay.png>
Package pdftex.def Info: ../../velma/przerobione_testy/out/do_dolu/common_ay.pn
g  used on input line 534.
(pdftex.def)             Requested size: 192.0548pt x 144.04384pt.
<../../velma/przerobione_testy/out/do_dolu/common_az.png, id=1044, 462.528pt x 
346.896pt>
File: ../../velma/przerobione_testy/out/do_dolu/common_az.png Graphic file (typ
e png)
<use ../../velma/przerobione_testy/out/do_dolu/common_az.png>
Package pdftex.def Info: ../../velma/przerobione_testy/out/do_dolu/common_az.pn
g  used on input line 539.
(pdftex.def)             Requested size: 192.0548pt x 144.04384pt.
<../../velma/przerobione_testy/out/do_dolu/xz_ate_plot_podnoszenie_miekki_bez_b
rak.png, id=1045, 462.528pt x 346.896pt>
File: ../../velma/przerobione_testy/out/do_dolu/xz_ate_plot_podnoszenie_miekki_
bez_brak.png Graphic file (type png)
<use ../../velma/przerobione_testy/out/do_dolu/xz_ate_plot_podnoszenie_miekki_b
ez_brak.png>
Package pdftex.def Info: ../../velma/przerobione_testy/out/do_dolu/xz_ate_plot_
podnoszenie_miekki_bez_brak.png  used on input line 550.
(pdftex.def)             Requested size: 192.0548pt x 144.04384pt.
<../../velma/przerobione_testy/out/do_dolu/xz_ate_plot_podnoszenie_miekki_komp_
brak.png, id=1046, 462.528pt x 346.896pt>
File: ../../velma/przerobione_testy/out/do_dolu/xz_ate_plot_podnoszenie_miekki_
komp_brak.png Graphic file (type png)
<use ../../velma/przerobione_testy/out/do_dolu/xz_ate_plot_podnoszenie_miekki_k
omp_brak.png>
Package pdftex.def Info: ../../velma/przerobione_testy/out/do_dolu/xz_ate_plot_
podnoszenie_miekki_komp_brak.png  used on input line 554.
(pdftex.def)             Requested size: 192.0548pt x 144.04384pt.
<../../velma/przerobione_testy/out/do_dolu/common_rotx.png, id=1047, 462.528pt 
x 346.896pt>
File: ../../velma/przerobione_testy/out/do_dolu/common_rotx.png Graphic file (t
ype png)
<use ../../velma/przerobione_testy/out/do_dolu/common_rotx.png>
Package pdftex.def Info: ../../velma/przerobione_testy/out/do_dolu/common_rotx.
png  used on input line 564.
(pdftex.def)             Requested size: 192.0548pt x 144.04384pt.
<../../velma/przerobione_testy/out/do_dolu/common_roty.png, id=1048, 462.528pt 
x 346.896pt>
File: ../../velma/przerobione_testy/out/do_dolu/common_roty.png Graphic file (t
ype png)
<use ../../velma/przerobione_testy/out/do_dolu/common_roty.png>
Package pdftex.def Info: ../../velma/przerobione_testy/out/do_dolu/common_roty.
png  used on input line 569.
(pdftex.def)             Requested size: 192.0548pt x 144.04384pt.
<../../velma/przerobione_testy/out/do_dolu/common_rotz.png, id=1049, 462.528pt 
x 346.896pt>
File: ../../velma/przerobione_testy/out/do_dolu/common_rotz.png Graphic file (t
ype png)
<use ../../velma/przerobione_testy/out/do_dolu/common_rotz.png>
Package pdftex.def Info: ../../velma/przerobione_testy/out/do_dolu/common_rotz.
png  used on input line 574.
(pdftex.def)             Requested size: 192.0548pt x 144.04384pt.

Underfull \vbox (badness 10000) has occurred while \output is active []

 [44 <../../velma/przerobione_testy/out/do_dolu/common_ax.png> <../../velma/prz
erobione_testy/out/do_dolu/common_ay.png> <../../velma/przerobione_testy/out/do
_dolu/common_az.png> <../../velma/przerobione_testy/out/do_dolu/xz_ate_plot_pod
noszenie_miekki_bez_brak.png> <../../velma/przerobione_testy/out/do_dolu/xz_ate
_plot_podnoszenie_miekki_komp_brak.png>]
<../../velma/przerobione_testy/out/do_dolu/xz_ate_plot_podnoszenie_miekki_komp_
piwo.png, id=1066, 462.528pt x 346.896pt>
File: ../../velma/przerobione_testy/out/do_dolu/xz_ate_plot_podnoszenie_miekki_
komp_piwo.png Graphic file (type png)
<use ../../velma/przerobione_testy/out/do_dolu/xz_ate_plot_podnoszenie_miekki_k
omp_piwo.png>
Package pdftex.def Info: ../../velma/przerobione_testy/out/do_dolu/xz_ate_plot_
podnoszenie_miekki_komp_piwo.png  used on input line 587.
(pdftex.def)             Requested size: 192.0548pt x 144.04384pt.
<../../velma/przerobione_testy/out/do_dolu/xz_ate_plot_podnoszenie_miekki_komp_
wiertarka.png, id=1067, 462.528pt x 346.896pt>
File: ../../velma/przerobione_testy/out/do_dolu/xz_ate_plot_podnoszenie_miekki_
komp_wiertarka.png Graphic file (type png)
<use ../../velma/przerobione_testy/out/do_dolu/xz_ate_plot_podnoszenie_miekki_k
omp_wiertarka.png>
Package pdftex.def Info: ../../velma/przerobione_testy/out/do_dolu/xz_ate_plot_
podnoszenie_miekki_komp_wiertarka.png  used on input line 591.
(pdftex.def)             Requested size: 192.0548pt x 144.04384pt.
<../../velma/przerobione_testy/out/do_przodu/common_ax.png, id=1072, 462.528pt 
x 346.896pt>
File: ../../velma/przerobione_testy/out/do_przodu/common_ax.png Graphic file (t
ype png)
<use ../../velma/przerobione_testy/out/do_przodu/common_ax.png>
Package pdftex.def Info: ../../velma/przerobione_testy/out/do_przodu/common_ax.
png  used on input line 648.
(pdftex.def)             Requested size: 192.0548pt x 144.04384pt.
<../../velma/przerobione_testy/out/do_przodu/common_ay.png, id=1073, 462.528pt 
x 346.896pt>
File: ../../velma/przerobione_testy/out/do_przodu/common_ay.png Graphic file (t
ype png)
<use ../../velma/przerobione_testy/out/do_przodu/common_ay.png>
Package pdftex.def Info: ../../velma/przerobione_testy/out/do_przodu/common_ay.
png  used on input line 653.
(pdftex.def)             Requested size: 192.0548pt x 144.04384pt.
<../../velma/przerobione_testy/out/do_przodu/common_az.png, id=1074, 462.528pt 
x 346.896pt>
File: ../../velma/przerobione_testy/out/do_przodu/common_az.png Graphic file (t
ype png)
<use ../../velma/przerobione_testy/out/do_przodu/common_az.png>
Package pdftex.def Info: ../../velma/przerobione_testy/out/do_przodu/common_az.
png  used on input line 658.
(pdftex.def)             Requested size: 192.0548pt x 144.04384pt.
 [45 <../../velma/przerobione_testy/out/do_dolu/common_rotx.png> <../../velma/p
rzerobione_testy/out/do_dolu/common_roty.png> <../../velma/przerobione_testy/ou
t/do_dolu/common_rotz.png> <../../velma/przerobione_testy/out/do_dolu/xz_ate_pl
ot_podnoszenie_miekki_komp_piwo.png> <../../velma/przerobione_testy/out/do_dolu
/xz_ate_plot_podnoszenie_miekki_komp_wiertarka.png>]
<../../velma/przerobione_testy/out/do_przodu/xz_ate_plot_podnoszenie_miekki_bez
_brak.png, id=1092, 462.528pt x 346.896pt>
File: ../../velma/przerobione_testy/out/do_przodu/xz_ate_plot_podnoszenie_miekk
i_bez_brak.png Graphic file (type png)
<use ../../velma/przerobione_testy/out/do_przodu/xz_ate_plot_podnoszenie_miekki
_bez_brak.png>
Package pdftex.def Info: ../../velma/przerobione_testy/out/do_przodu/xz_ate_plo
t_podnoszenie_miekki_bez_brak.png  used on input line 668.
(pdftex.def)             Requested size: 192.0548pt x 144.04384pt.
<../../velma/przerobione_testy/out/do_przodu/xz_ate_plot_podnoszenie_miekki_kom
p_brak.png, id=1093, 462.528pt x 346.896pt>
File: ../../velma/przerobione_testy/out/do_przodu/xz_ate_plot_podnoszenie_miekk
i_komp_brak.png Graphic file (type png)
<use ../../velma/przerobione_testy/out/do_przodu/xz_ate_plot_podnoszenie_miekki
_komp_brak.png>
Package pdftex.def Info: ../../velma/przerobione_testy/out/do_przodu/xz_ate_plo
t_podnoszenie_miekki_komp_brak.png  used on input line 672.
(pdftex.def)             Requested size: 192.0548pt x 144.04384pt.
<../../velma/przerobione_testy/out/do_przodu/common_rotx.png, id=1094, 462.528p
t x 346.896pt>
File: ../../velma/przerobione_testy/out/do_przodu/common_rotx.png Graphic file 
(type png)
<use ../../velma/przerobione_testy/out/do_przodu/common_rotx.png>
Package pdftex.def Info: ../../velma/przerobione_testy/out/do_przodu/common_rot
x.png  used on input line 683.
(pdftex.def)             Requested size: 192.0548pt x 144.04384pt.
<../../velma/przerobione_testy/out/do_przodu/common_roty.png, id=1095, 462.528p
t x 346.896pt>
File: ../../velma/przerobione_testy/out/do_przodu/common_roty.png Graphic file 
(type png)
<use ../../velma/przerobione_testy/out/do_przodu/common_roty.png>
Package pdftex.def Info: ../../velma/przerobione_testy/out/do_przodu/common_rot
y.png  used on input line 688.
(pdftex.def)             Requested size: 192.0548pt x 144.04384pt.
<../../velma/przerobione_testy/out/do_przodu/common_rotz.png, id=1096, 462.528p
t x 346.896pt>
File: ../../velma/przerobione_testy/out/do_przodu/common_rotz.png Graphic file 
(type png)
<use ../../velma/przerobione_testy/out/do_przodu/common_rotz.png>
Package pdftex.def Info: ../../velma/przerobione_testy/out/do_przodu/common_rot
z.png  used on input line 693.
(pdftex.def)             Requested size: 192.0548pt x 144.04384pt.

Underfull \vbox (badness 10000) has occurred while \output is active []

 [46 <../../velma/przerobione_testy/out/do_przodu/common_ax.png> <../../velma/p
rzerobione_testy/out/do_przodu/common_ay.png> <../../velma/przerobione_testy/ou
t/do_przodu/common_az.png> <../../velma/przerobione_testy/out/do_przodu/xz_ate_
plot_podnoszenie_miekki_bez_brak.png> <../../velma/przerobione_testy/out/do_prz
odu/xz_ate_plot_podnoszenie_miekki_komp_brak.png>]
<../../velma/przerobione_testy/out/do_przodu/xz_ate_plot_podnoszenie_miekki_kom
p_piwo.png, id=1113, 462.528pt x 346.896pt>
File: ../../velma/przerobione_testy/out/do_przodu/xz_ate_plot_podnoszenie_miekk
i_komp_piwo.png Graphic file (type png)
<use ../../velma/przerobione_testy/out/do_przodu/xz_ate_plot_podnoszenie_miekki
_komp_piwo.png>
Package pdftex.def Info: ../../velma/przerobione_testy/out/do_przodu/xz_ate_plo
t_podnoszenie_miekki_komp_piwo.png  used on input line 706.
(pdftex.def)             Requested size: 192.0548pt x 144.04384pt.
<../../velma/przerobione_testy/out/do_przodu/xz_ate_plot_podnoszenie_miekki_kom
p_wiertarka.png, id=1114, 462.528pt x 346.896pt>
File: ../../velma/przerobione_testy/out/do_przodu/xz_ate_plot_podnoszenie_miekk
i_komp_wiertarka.png Graphic file (type png)
<use ../../velma/przerobione_testy/out/do_przodu/xz_ate_plot_podnoszenie_miekki
_komp_wiertarka.png>
Package pdftex.def Info: ../../velma/przerobione_testy/out/do_przodu/xz_ate_plo
t_podnoszenie_miekki_komp_wiertarka.png  used on input line 710.
(pdftex.def)             Requested size: 192.0548pt x 144.04384pt.
 [47 <../../velma/przerobione_testy/out/do_przodu/common_rotx.png> <../../velma
/przerobione_testy/out/do_przodu/common_roty.png> <../../velma/przerobione_test
y/out/do_przodu/common_rotz.png> <../../velma/przerobione_testy/out/do_przodu/x
z_ate_plot_podnoszenie_miekki_komp_piwo.png> <../../velma/przerobione_testy/out
/do_przodu/xz_ate_plot_podnoszenie_miekki_komp_wiertarka.png>]
<../../velma/przerobione_testy/out/obrt/common_ax.png, id=1135, 462.528pt x 346
.896pt>
File: ../../velma/przerobione_testy/out/obrt/common_ax.png Graphic file (type p
ng)
<use ../../velma/przerobione_testy/out/obrt/common_ax.png>
Package pdftex.def Info: ../../velma/przerobione_testy/out/obrt/common_ax.png  
used on input line 767.
(pdftex.def)             Requested size: 192.0548pt x 144.04384pt.
<../../velma/przerobione_testy/out/obrt/common_ay.png, id=1136, 462.528pt x 346
.896pt>
File: ../../velma/przerobione_testy/out/obrt/common_ay.png Graphic file (type p
ng)
<use ../../velma/przerobione_testy/out/obrt/common_ay.png>
Package pdftex.def Info: ../../velma/przerobione_testy/out/obrt/common_ay.png  
used on input line 772.
(pdftex.def)             Requested size: 192.0548pt x 144.04384pt.
<../../velma/przerobione_testy/out/obrt/common_az.png, id=1137, 462.528pt x 346
.896pt>
File: ../../velma/przerobione_testy/out/obrt/common_az.png Graphic file (type p
ng)
<use ../../velma/przerobione_testy/out/obrt/common_az.png>
Package pdftex.def Info: ../../velma/przerobione_testy/out/obrt/common_az.png  
used on input line 778.
(pdftex.def)             Requested size: 192.0548pt x 144.04384pt.
<../../velma/przerobione_testy/out/obrt/xz_ate_plot_podnoszenie_miekki_bez_brak
.png, id=1138, 462.528pt x 346.896pt>
File: ../../velma/przerobione_testy/out/obrt/xz_ate_plot_podnoszenie_miekki_bez
_brak.png Graphic file (type png)
<use ../../velma/przerobione_testy/out/obrt/xz_ate_plot_podnoszenie_miekki_bez_
brak.png>
Package pdftex.def Info: ../../velma/przerobione_testy/out/obrt/xz_ate_plot_pod
noszenie_miekki_bez_brak.png  used on input line 789.
(pdftex.def)             Requested size: 192.0548pt x 144.04384pt.
<../../velma/przerobione_testy/out/obrt/xz_ate_plot_podnoszenie_miekki_komp_bra
k.png, id=1139, 462.528pt x 346.896pt>
File: ../../velma/przerobione_testy/out/obrt/xz_ate_plot_podnoszenie_miekki_kom
p_brak.png Graphic file (type png)
<use ../../velma/przerobione_testy/out/obrt/xz_ate_plot_podnoszenie_miekki_komp
_brak.png>
Package pdftex.def Info: ../../velma/przerobione_testy/out/obrt/xz_ate_plot_pod
noszenie_miekki_komp_brak.png  used on input line 793.
(pdftex.def)             Requested size: 192.0548pt x 144.04384pt.
<../../velma/przerobione_testy/out/obrt/common_rotx.png, id=1140, 462.528pt x 3
46.896pt>
File: ../../velma/przerobione_testy/out/obrt/common_rotx.png Graphic file (type
 png)
<use ../../velma/przerobione_testy/out/obrt/common_rotx.png>
Package pdftex.def Info: ../../velma/przerobione_testy/out/obrt/common_rotx.png
  used on input line 803.
(pdftex.def)             Requested size: 192.0548pt x 144.04384pt.
<../../velma/przerobione_testy/out/obrt/common_roty.png, id=1141, 462.528pt x 3
46.896pt>
File: ../../velma/przerobione_testy/out/obrt/common_roty.png Graphic file (type
 png)
<use ../../velma/przerobione_testy/out/obrt/common_roty.png>
Package pdftex.def Info: ../../velma/przerobione_testy/out/obrt/common_roty.png
  used on input line 808.
(pdftex.def)             Requested size: 192.0548pt x 144.04384pt.
<../../velma/przerobione_testy/out/obrt/common_rotz.png, id=1142, 462.528pt x 3
46.896pt>
File: ../../velma/przerobione_testy/out/obrt/common_rotz.png Graphic file (type
 png)
<use ../../velma/przerobione_testy/out/obrt/common_rotz.png>
Package pdftex.def Info: ../../velma/przerobione_testy/out/obrt/common_rotz.png
  used on input line 814.
(pdftex.def)             Requested size: 192.0548pt x 144.04384pt.

Underfull \vbox (badness 1178) has occurred while \output is active []

 [48 <../../velma/przerobione_testy/out/obrt/common_ax.png> <../../velma/przero
bione_testy/out/obrt/common_ay.png> <../../velma/przerobione_testy/out/obrt/com
mon_az.png> <../../velma/przerobione_testy/out/obrt/xz_ate_plot_podnoszenie_mie
kki_bez_brak.png> <../../velma/przerobione_testy/out/obrt/xz_ate_plot_podnoszen
ie_miekki_komp_brak.png>]
<../../velma/przerobione_testy/out/obrt/xz_ate_plot_podnoszenie_miekki_komp_piw
o.png, id=1163, 462.528pt x 346.896pt>
File: ../../velma/przerobione_testy/out/obrt/xz_ate_plot_podnoszenie_miekki_kom
p_piwo.png Graphic file (type png)
<use ../../velma/przerobione_testy/out/obrt/xz_ate_plot_podnoszenie_miekki_komp
_piwo.png>
Package pdftex.def Info: ../../velma/przerobione_testy/out/obrt/xz_ate_plot_pod
noszenie_miekki_komp_piwo.png  used on input line 828.
(pdftex.def)             Requested size: 192.0548pt x 144.04384pt.
<../../velma/przerobione_testy/out/obrt/xz_ate_plot_podnoszenie_miekki_komp_wie
rtarka.png, id=1164, 462.528pt x 346.896pt>
File: ../../velma/przerobione_testy/out/obrt/xz_ate_plot_podnoszenie_miekki_kom
p_wiertarka.png Graphic file (type png)
<use ../../velma/przerobione_testy/out/obrt/xz_ate_plot_podnoszenie_miekki_komp
_wiertarka.png>
Package pdftex.def Info: ../../velma/przerobione_testy/out/obrt/xz_ate_plot_pod
noszenie_miekki_komp_wiertarka.png  used on input line 832.
(pdftex.def)             Requested size: 192.0548pt x 144.04384pt.
<../../velma/przerobione_testy/out/obrt/xy_ate_plot_podnoszenie_miekki_bez_brak
.png, id=1165, 462.528pt x 346.896pt>
File: ../../velma/przerobione_testy/out/obrt/xy_ate_plot_podnoszenie_miekki_bez
_brak.png Graphic file (type png)
<use ../../velma/przerobione_testy/out/obrt/xy_ate_plot_podnoszenie_miekki_bez_
brak.png>
Package pdftex.def Info: ../../velma/przerobione_testy/out/obrt/xy_ate_plot_pod
noszenie_miekki_bez_brak.png  used on input line 842.
(pdftex.def)             Requested size: 192.0548pt x 144.04384pt.
<../../velma/przerobione_testy/out/obrt/xy_ate_plot_podnoszenie_miekki_komp_bra
k.png, id=1166, 462.528pt x 346.896pt>
File: ../../velma/przerobione_testy/out/obrt/xy_ate_plot_podnoszenie_miekki_kom
p_brak.png Graphic file (type png)
<use ../../velma/przerobione_testy/out/obrt/xy_ate_plot_podnoszenie_miekki_komp
_brak.png>
Package pdftex.def Info: ../../velma/przerobione_testy/out/obrt/xy_ate_plot_pod
noszenie_miekki_komp_brak.png  used on input line 846.
(pdftex.def)             Requested size: 192.0548pt x 144.04384pt.

Underfull \vbox (badness 10000) has occurred while \output is active []

 [49 <../../velma/przerobione_testy/out/obrt/common_rotx.png> <../../velma/prze
robione_testy/out/obrt/common_roty.png> <../../velma/przerobione_testy/out/obrt
/common_rotz.png> <../../velma/przerobione_testy/out/obrt/xz_ate_plot_podnoszen
ie_miekki_komp_piwo.png> <../../velma/przerobione_testy/out/obrt/xz_ate_plot_po
dnoszenie_miekki_komp_wiertarka.png>]
<../../velma/przerobione_testy/out/obrt/xy_ate_plot_podnoszenie_miekki_komp_piw
o.png, id=1182, 462.528pt x 346.896pt>
File: ../../velma/przerobione_testy/out/obrt/xy_ate_plot_podnoszenie_miekki_kom
p_piwo.png Graphic file (type png)
<use ../../velma/przerobione_testy/out/obrt/xy_ate_plot_podnoszenie_miekki_komp
_piwo.png>
Package pdftex.def Info: ../../velma/przerobione_testy/out/obrt/xy_ate_plot_pod
noszenie_miekki_komp_piwo.png  used on input line 855.
(pdftex.def)             Requested size: 192.0548pt x 144.04384pt.
<../../velma/przerobione_testy/out/obrt/xy_ate_plot_podnoszenie_miekki_komp_wie
rtarka.png, id=1183, 462.528pt x 346.896pt>
File: ../../velma/przerobione_testy/out/obrt/xy_ate_plot_podnoszenie_miekki_kom
p_wiertarka.png Graphic file (type png)
<use ../../velma/przerobione_testy/out/obrt/xy_ate_plot_podnoszenie_miekki_komp
_wiertarka.png>
Package pdftex.def Info: ../../velma/przerobione_testy/out/obrt/xy_ate_plot_pod
noszenie_miekki_komp_wiertarka.png  used on input line 859.
(pdftex.def)             Requested size: 192.0548pt x 144.04384pt.
File: ../../velma/przerobione_testy/out/obrt/xy_ate_plot_podnoszenie_miekki_kom
p_piwo.png Graphic file (type png)
<use ../../velma/przerobione_testy/out/obrt/xy_ate_plot_podnoszenie_miekki_komp
_piwo.png>
Package pdftex.def Info: ../../velma/przerobione_testy/out/obrt/xy_ate_plot_pod
noszenie_miekki_komp_piwo.png  used on input line 883.
(pdftex.def)             Requested size: 192.0548pt x 144.04384pt.
File: ../../velma/przerobione_testy/out/obrt/xy_ate_plot_podnoszenie_miekki_kom
p_wiertarka.png Graphic file (type png)
<use ../../velma/przerobione_testy/out/obrt/xy_ate_plot_podnoszenie_miekki_komp
_wiertarka.png>
Package pdftex.def Info: ../../velma/przerobione_testy/out/obrt/xy_ate_plot_pod
noszenie_miekki_komp_wiertarka.png  used on input line 887.
(pdftex.def)             Requested size: 192.0548pt x 144.04384pt.

Underfull \vbox (badness 4792) has occurred while \output is active []

 [50 <../../velma/przerobione_testy/out/obrt/xy_ate_plot_podnoszenie_miekki_bez
_brak.png> <../../velma/przerobione_testy/out/obrt/xy_ate_plot_podnoszenie_miek
ki_komp_brak.png> <../../velma/przerobione_testy/out/obrt/xy_ate_plot_podnoszen
ie_miekki_komp_piwo.png> <../../velma/przerobione_testy/out/obrt/xy_ate_plot_po
dnoszenie_miekki_komp_wiertarka.png>]
Overfull \hbox (3.64734pt too wide) in paragraph at lines 901--919
[][] 
 []

) [51]
\openout2 = `text/podsumowanie.aux'.

 (./text/podsumowanie.tex [52



]
Rozdzia\l  7.
) [53] (./main.bbl [54


]
Underfull \hbox (badness 6758) in paragraph at lines 40--46
[]\T1/cmr/m/n/12 Loredana Zollo Ales-san-dro De Luca, Bru-no-Si-ci-liano.  PD c
on-trol
 []


Underfull \hbox (badness 1895) in paragraph at lines 40--46
\T1/cmr/m/n/12 with on-line gra-vity com-pen-sa-tion for ro-bots with ela-stic 
jo-ints: The-
 []


Underfull \hbox (badness 1924) in paragraph at lines 40--46
\T1/cmr/m/n/12 ory and expe-ri-ments.  []$https : / / www . sciencedirect . com
 / science / article / pii /
 []

[55]
Underfull \hbox (badness 10000) in paragraph at lines 100--106
\T1/cmr/m/n/12 en . wikipedia . org / w / index . php ? title = Impedance % 20c
ontrol & oldid = 904943924$[],
 []

[56]) [57] [58

] (./main.lof

LaTeX Warning: Citation `bib:Zielinski:2014_kkr_relacje-twiki' on page 59 undef
ined on input line 5.

[59])
\tf@lof=\write5
\openout5 = `main.lof'.

 [60] (./main.lot)
\tf@lot=\write6
\openout6 = `main.lot'.

Package atveryend Info: Empty hook `BeforeClearDocument' on input line 147.
 [61

]
Package atveryend Info: Empty hook `AfterLastShipout' on input line 147.
 (./main.aux (./text/streszczenie.aux)
(./text/wstep.aux) (./text/przeglad_literatury.aux) (./text/opis_narzedzi.aux)
(./text/algorytmy.aux) (./text/implementacja_systemu.aux)
(./text/dzialanie_systemu.aux) (./text/podsumowanie.aux))
Package atveryend Info: Executing hook `AtVeryEndDocument' on input line 147.
Package atveryend Info: Executing hook `AtEndAfterFileList' on input line 147.
Package rerunfilecheck Info: File `main.out' has not changed.
(rerunfilecheck)             Checksum: 46A64D4608024B4D0C7055932FE06F75;2206.


LaTeX Warning: There were undefined references.


LaTeX Warning: There were multiply-defined labels.

Package atveryend Info: Empty hook `AtVeryVeryEnd' on input line 147.
 ) 
Here is how much of TeX's memory you used:
 12997 strings out of 492623
 211183 string characters out of 6135669
 485690 words of memory out of 5000000
 16264 multiletter control sequences out of 15000+600000
 25461 words of font info for 73 fonts, out of 8000000 for 9000
 1141 hyphenation exceptions out of 8191
 42i,18n,48p,1321b,516s stack positions out of 5000i,500n,10000p,200000b,80000s
{/usr/share/texmf-dist/fonts/enc/dvips/cm-super/cm-super-t1.enc}{/usr/share/t
exmf-dist/fonts/enc/dvips/cm-super/cm-super-ts1.enc}</usr/share/texmf-dist/font
s/type1/public/amsfonts/cm/cmbx12.pfb></usr/share/texmf-dist/fonts/type1/public
/amsfonts/cm/cmex10.pfb></usr/share/texmf-dist/fonts/type1/public/amsfonts/cm/c
mmi10.pfb></usr/share/texmf-dist/fonts/type1/public/amsfonts/cm/cmmi12.pfb></us
r/share/texmf-dist/fonts/type1/public/amsfonts/cm/cmmi8.pfb></usr/share/texmf-d
ist/fonts/type1/public/amsfonts/cm/cmmib10.pfb></usr/share/texmf-dist/fonts/typ
e1/public/amsfonts/cmextra/cmmib8.pfb></usr/share/texmf-dist/fonts/type1/public
/amsfonts/cm/cmr12.pfb></usr/share/texmf-dist/fonts/type1/public/amsfonts/cm/cm
r8.pfb></usr/share/texmf-dist/fonts/type1/public/amsfonts/cm/cmsy10.pfb></usr/s
hare/texmf-dist/fonts/type1/public/amsfonts/cm/cmsy8.pfb></usr/share/texmf-dist
/fonts/type1/public/amsfonts/euler/eusb10.pfb></usr/share/texmf-dist/fonts/type
1/public/cm-super/sfbx1200.pfb></usr/share/texmf-dist/fonts/type1/public/cm-sup
er/sfbx1440.pfb></usr/share/texmf-dist/fonts/type1/public/cm-super/sfbx1728.pfb
></usr/share/texmf-dist/fonts/type1/public/cm-super/sfbx2488.pfb></usr/share/te
xmf-dist/fonts/type1/public/cm-super/sfcc1200.pfb></usr/share/texmf-dist/fonts/
type1/public/cm-super/sfrm1000.pfb></usr/share/texmf-dist/fonts/type1/public/cm
-super/sfrm1200.pfb></usr/share/texmf-dist/fonts/type1/public/cm-super/sfti1200
.pfb>
Output written on main.pdf (61 pages, 17882420 bytes).
PDF statistics:
 1459 PDF objects out of 1728 (max. 8388607)
 1082 compressed objects within 11 object streams
 268 named destinations out of 1000 (max. 500000)
 766 words of extra memory for PDF output out of 10000 (max. 10000000)

