Determining if the pthread_create exist failed with the following output:
Change Dir: /home/postep/mgr/ws/build/robot/CMakeFiles/CMakeTmp

Run Build Command:"/usr/bin/make" "cmTC_14ea7/fast"
/usr/bin/make -f CMakeFiles/cmTC_14ea7.dir/build.make CMakeFiles/cmTC_14ea7.dir/build
make[1]: Wejście do katalogu '/home/postep/mgr/ws/build/robot/CMakeFiles/CMakeTmp'
Building C object CMakeFiles/cmTC_14ea7.dir/CheckSymbolExists.c.o
/usr/bin/cc    -o CMakeFiles/cmTC_14ea7.dir/CheckSymbolExists.c.o   -c /home/postep/mgr/ws/build/robot/CMakeFiles/CMakeTmp/CheckSymbolExists.c
Linking C executable cmTC_14ea7
/usr/bin/cmake -E cmake_link_script CMakeFiles/cmTC_14ea7.dir/link.txt --verbose=1
/usr/bin/cc      -rdynamic CMakeFiles/cmTC_14ea7.dir/CheckSymbolExists.c.o  -o cmTC_14ea7 
CMakeFiles/cmTC_14ea7.dir/CheckSymbolExists.c.o: In function `main':
CheckSymbolExists.c:(.text+0x1b): undefined reference to `pthread_create'
collect2: error: ld returned 1 exit status
CMakeFiles/cmTC_14ea7.dir/build.make:97: recipe for target 'cmTC_14ea7' failed
make[1]: *** [cmTC_14ea7] Error 1
make[1]: Opuszczenie katalogu '/home/postep/mgr/ws/build/robot/CMakeFiles/CMakeTmp'
Makefile:126: recipe for target 'cmTC_14ea7/fast' failed
make: *** [cmTC_14ea7/fast] Error 2

File /home/postep/mgr/ws/build/robot/CMakeFiles/CMakeTmp/CheckSymbolExists.c:
/* */
#include <pthread.h>

int main(int argc, char** argv)
{
  (void)argv;
#ifndef pthread_create
  return ((int*)(&pthread_create))[argc];
#else
  (void)argc;
  return 0;
#endif
}

Determining if the function pthread_create exists in the pthreads failed with the following output:
Change Dir: /home/postep/mgr/ws/build/robot/CMakeFiles/CMakeTmp

Run Build Command:"/usr/bin/make" "cmTC_b5a40/fast"
/usr/bin/make -f CMakeFiles/cmTC_b5a40.dir/build.make CMakeFiles/cmTC_b5a40.dir/build
make[1]: Wejście do katalogu '/home/postep/mgr/ws/build/robot/CMakeFiles/CMakeTmp'
Building C object CMakeFiles/cmTC_b5a40.dir/CheckFunctionExists.c.o
/usr/bin/cc   -DCHECK_FUNCTION_EXISTS=pthread_create   -o CMakeFiles/cmTC_b5a40.dir/CheckFunctionExists.c.o   -c /usr/share/cmake-3.10/Modules/CheckFunctionExists.c
Linking C executable cmTC_b5a40
/usr/bin/cmake -E cmake_link_script CMakeFiles/cmTC_b5a40.dir/link.txt --verbose=1
/usr/bin/cc  -DCHECK_FUNCTION_EXISTS=pthread_create    -rdynamic CMakeFiles/cmTC_b5a40.dir/CheckFunctionExists.c.o  -o cmTC_b5a40 -lpthreads 
/usr/bin/ld: cannot find -lpthreads
collect2: error: ld returned 1 exit status
CMakeFiles/cmTC_b5a40.dir/build.make:97: recipe for target 'cmTC_b5a40' failed
make[1]: *** [cmTC_b5a40] Error 1
make[1]: Opuszczenie katalogu '/home/postep/mgr/ws/build/robot/CMakeFiles/CMakeTmp'
Makefile:126: recipe for target 'cmTC_b5a40/fast' failed
make: *** [cmTC_b5a40/fast] Error 2


